{"/home/yejh0725/law-education-platform/app/api/legal-intelligence/extract/route.ts": {"path":"/home/yejh0725/law-education-platform/app/api/legal-intelligence/extract/route.ts","statementMap":{"0":{"start":{"line":15,"column":22},"end":{"line":15,"column":27}},"1":{"start":{"line":1,"column":42},"end":{"line":1,"column":null}},"2":{"start":{"line":2,"column":37},"end":{"line":2,"column":null}},"3":{"start":{"line":3,"column":30},"end":{"line":3,"column":null}},"4":{"start":{"line":4,"column":34},"end":{"line":4,"column":null}},"5":{"start":{"line":5,"column":28},"end":{"line":5,"column":null}},"6":{"start":{"line":6,"column":32},"end":{"line":6,"column":null}},"7":{"start":{"line":9,"column":25},"end":{"line":9,"column":null}},"8":{"start":{"line":10,"column":25},"end":{"line":10,"column":null}},"9":{"start":{"line":16,"column":2},"end":{"line":123,"column":null}},"10":{"start":{"line":17,"column":35},"end":{"line":17,"column":null}},"11":{"start":{"line":19,"column":4},"end":{"line":24,"column":null}},"12":{"start":{"line":20,"column":6},"end":{"line":22,"column":null}},"13":{"start":{"line":32,"column":8},"end":{"line":32,"column":null}},"14":{"start":{"line":34,"column":4},"end":{"line":34,"column":null}},"15":{"start":{"line":37,"column":4},"end":{"line":37,"column":null}},"16":{"start":{"line":38,"column":25},"end":{"line":38,"column":null}},"17":{"start":{"line":41,"column":4},"end":{"line":41,"column":null}},"18":{"start":{"line":42,"column":21},"end":{"line":42,"column":null}},"19":{"start":{"line":45,"column":39},"end":{"line":45,"column":null}},"20":{"start":{"line":46,"column":4},"end":{"line":49,"column":null}},"21":{"start":{"line":47,"column":6},"end":{"line":47,"column":null}},"22":{"start":{"line":48,"column":6},"end":{"line":48,"column":null}},"23":{"start":{"line":52,"column":4},"end":{"line":52,"column":null}},"24":{"start":{"line":54,"column":4},"end":{"line":62,"column":null}},"25":{"start":{"line":55,"column":6},"end":{"line":59,"column":null}},"26":{"start":{"line":61,"column":6},"end":{"line":61,"column":null}},"27":{"start":{"line":65,"column":4},"end":{"line":95,"column":null}},"28":{"start":{"line":66,"column":6},"end":{"line":66,"column":null}},"29":{"start":{"line":69,"column":23},"end":{"line":69,"column":null}},"30":{"start":{"line":72,"column":25},"end":{"line":72,"column":null}},"31":{"start":{"line":75,"column":24},"end":{"line":75,"column":null}},"32":{"start":{"line":75,"column":49},"end":{"line":75,"column":58}},"33":{"start":{"line":76,"column":35},"end":{"line":76,"column":null}},"34":{"start":{"line":79,"column":6},"end":{"line":79,"column":null}},"35":{"start":{"line":82,"column":33},"end":{"line":82,"column":35}},"36":{"start":{"line":83,"column":6},"end":{"line":88,"column":null}},"37":{"start":{"line":84,"column":8},"end":{"line":84,"column":null}},"38":{"start":{"line":86,"column":8},"end":{"line":86,"column":null}},"39":{"start":{"line":87,"column":8},"end":{"line":87,"column":null}},"40":{"start":{"line":91,"column":7},"end":{"line":94,"column":null}},"41":{"start":{"line":98,"column":24},"end":{"line":98,"column":null}},"42":{"start":{"line":100,"column":4},"end":{"line":100,"column":null}},"43":{"start":{"line":102,"column":4},"end":{"line":112,"column":null}},"44":{"start":{"line":115,"column":4},"end":{"line":115,"column":null}},"45":{"start":{"line":116,"column":4},"end":{"line":121,"column":null}},"46":{"start":{"line":133,"column":2},"end":{"line":196,"column":null}},"47":{"start":{"line":135,"column":19},"end":{"line":137,"column":null}},"48":{"start":{"line":140,"column":25},"end":{"line":140,"column":null}},"49":{"start":{"line":143,"column":21},"end":{"line":158,"column":null}},"50":{"start":{"line":160,"column":4},"end":{"line":163,"column":null}},"51":{"start":{"line":161,"column":6},"end":{"line":161,"column":null}},"52":{"start":{"line":162,"column":6},"end":{"line":162,"column":null}},"53":{"start":{"line":165,"column":17},"end":{"line":165,"column":null}},"54":{"start":{"line":166,"column":20},"end":{"line":166,"column":51}},"55":{"start":{"line":169,"column":19},"end":{"line":169,"column":null}},"56":{"start":{"line":171,"column":4},"end":{"line":174,"column":null}},"57":{"start":{"line":172,"column":6},"end":{"line":172,"column":null}},"58":{"start":{"line":173,"column":6},"end":{"line":173,"column":null}},"59":{"start":{"line":177,"column":4},"end":{"line":191,"column":null}},"60":{"start":{"line":194,"column":4},"end":{"line":194,"column":null}},"61":{"start":{"line":195,"column":4},"end":{"line":195,"column":null}},"62":{"start":{"line":204,"column":18},"end":{"line":205,"column":null}},"63":{"start":{"line":205,"column":4},"end":{"line":205,"column":null}},"64":{"start":{"line":207,"column":22},"end":{"line":208,"column":null}},"65":{"start":{"line":208,"column":4},"end":{"line":208,"column":null}},"66":{"start":{"line":210,"column":19},"end":{"line":211,"column":null}},"67":{"start":{"line":211,"column":4},"end":{"line":211,"column":null}},"68":{"start":{"line":214,"column":2},"end":{"line":214,"column":null}},"69":{"start":{"line":214,"column":15},"end":{"line":214,"column":null}},"70":{"start":{"line":215,"column":2},"end":{"line":215,"column":null}},"71":{"start":{"line":215,"column":16},"end":{"line":215,"column":null}},"72":{"start":{"line":216,"column":2},"end":{"line":216,"column":null}},"73":{"start":{"line":216,"column":19},"end":{"line":216,"column":null}},"74":{"start":{"line":218,"column":2},"end":{"line":218,"column":null}},"75":{"start":{"line":225,"column":32},"end":{"line":225,"column":34}},"76":{"start":{"line":228,"column":24},"end":{"line":228,"column":null}},"77":{"start":{"line":228,"column":47},"end":{"line":228,"column":null}},"78":{"start":{"line":229,"column":2},"end":{"line":231,"column":null}},"79":{"start":{"line":230,"column":4},"end":{"line":230,"column":null}},"80":{"start":{"line":230,"column":54},"end":{"line":230,"column":67}},"81":{"start":{"line":234,"column":23},"end":{"line":234,"column":null}},"82":{"start":{"line":234,"column":48},"end":{"line":234,"column":null}},"83":{"start":{"line":235,"column":2},"end":{"line":237,"column":null}},"84":{"start":{"line":236,"column":4},"end":{"line":236,"column":null}},"85":{"start":{"line":240,"column":2},"end":{"line":242,"column":null}},"86":{"start":{"line":240,"column":31},"end":{"line":240,"column":55}},"87":{"start":{"line":241,"column":4},"end":{"line":241,"column":null}},"88":{"start":{"line":245,"column":24},"end":{"line":245,"column":null}},"89":{"start":{"line":245,"column":47},"end":{"line":245,"column":null}},"90":{"start":{"line":246,"column":2},"end":{"line":248,"column":null}},"91":{"start":{"line":247,"column":4},"end":{"line":247,"column":null}},"92":{"start":{"line":251,"column":21},"end":{"line":251,"column":null}},"93":{"start":{"line":251,"column":51},"end":{"line":251,"column":null}},"94":{"start":{"line":252,"column":2},"end":{"line":254,"column":null}},"95":{"start":{"line":253,"column":4},"end":{"line":253,"column":null}},"96":{"start":{"line":256,"column":2},"end":{"line":256,"column":null}}},"fnMap":{"0":{"name":"POST","decl":{"start":{"line":15,"column":22},"end":{"line":15,"column":27}},"loc":{"start":{"line":15,"column":43},"end":{"line":124,"column":null}}},"1":{"name":"(anonymous_2)","decl":{"start":{"line":75,"column":44},"end":{"line":75,"column":49}},"loc":{"start":{"line":75,"column":49},"end":{"line":75,"column":58}}},"2":{"name":"performAIExtraction","decl":{"start":{"line":129,"column":15},"end":{"line":129,"column":null}},"loc":{"start":{"line":131,"column":21},"end":{"line":197,"column":null}}},"3":{"name":"detectCaseType","decl":{"start":{"line":202,"column":9},"end":{"line":202,"column":24}},"loc":{"start":{"line":202,"column":43},"end":{"line":219,"column":null}}},"4":{"name":"(anonymous_5)","decl":{"start":{"line":204,"column":36},"end":{"line":204,"column":null}},"loc":{"start":{"line":205,"column":4},"end":{"line":205,"column":null}}},"5":{"name":"(anonymous_6)","decl":{"start":{"line":207,"column":45},"end":{"line":207,"column":null}},"loc":{"start":{"line":208,"column":4},"end":{"line":208,"column":null}}},"6":{"name":"(anonymous_7)","decl":{"start":{"line":210,"column":35},"end":{"line":210,"column":null}},"loc":{"start":{"line":211,"column":4},"end":{"line":211,"column":null}}},"7":{"name":"generateSuggestions","decl":{"start":{"line":224,"column":9},"end":{"line":224,"column":29}},"loc":{"start":{"line":224,"column":48},"end":{"line":257,"column":null}}},"8":{"name":"(anonymous_9)","decl":{"start":{"line":228,"column":42},"end":{"line":228,"column":47}},"loc":{"start":{"line":228,"column":47},"end":{"line":228,"column":null}}},"9":{"name":"(anonymous_10)","decl":{"start":{"line":230,"column":49},"end":{"line":230,"column":54}},"loc":{"start":{"line":230,"column":54},"end":{"line":230,"column":67}}},"10":{"name":"(anonymous_11)","decl":{"start":{"line":234,"column":43},"end":{"line":234,"column":48}},"loc":{"start":{"line":234,"column":48},"end":{"line":234,"column":null}}},"11":{"name":"(anonymous_12)","decl":{"start":{"line":240,"column":26},"end":{"line":240,"column":31}},"loc":{"start":{"line":240,"column":31},"end":{"line":240,"column":55}}},"12":{"name":"(anonymous_13)","decl":{"start":{"line":245,"column":42},"end":{"line":245,"column":47}},"loc":{"start":{"line":245,"column":47},"end":{"line":245,"column":null}}},"13":{"name":"(anonymous_14)","decl":{"start":{"line":251,"column":46},"end":{"line":251,"column":51}},"loc":{"start":{"line":251,"column":51},"end":{"line":251,"column":null}}}},"branchMap":{"0":{"loc":{"start":{"line":9,"column":25},"end":{"line":9,"column":null}},"type":"binary-expr","locations":[{"start":{"line":9,"column":25},"end":{"line":9,"column":53}},{"start":{"line":9,"column":57},"end":{"line":9,"column":null}}]},"1":{"loc":{"start":{"line":17,"column":18},"end":{"line":17,"column":30}},"type":"default-arg","locations":[{"start":{"line":17,"column":28},"end":{"line":17,"column":30}}]},"2":{"loc":{"start":{"line":19,"column":4},"end":{"line":24,"column":null}},"type":"if","locations":[{"start":{"line":19,"column":4},"end":{"line":24,"column":null}},{"start":{},"end":{}}]},"3":{"loc":{"start":{"line":28,"column":6},"end":{"line":28,"column":21}},"type":"default-arg","locations":[{"start":{"line":28,"column":17},"end":{"line":28,"column":21}}]},"4":{"loc":{"start":{"line":29,"column":6},"end":{"line":29,"column":25}},"type":"default-arg","locations":[{"start":{"line":29,"column":20},"end":{"line":29,"column":25}}]},"5":{"loc":{"start":{"line":30,"column":6},"end":{"line":30,"column":34}},"type":"default-arg","locations":[{"start":{"line":30,"column":30},"end":{"line":30,"column":34}}]},"6":{"loc":{"start":{"line":31,"column":6},"end":{"line":31,"column":25}},"type":"default-arg","locations":[{"start":{"line":31,"column":21},"end":{"line":31,"column":25}}]},"7":{"loc":{"start":{"line":46,"column":4},"end":{"line":49,"column":null}},"type":"if","locations":[{"start":{"line":46,"column":4},"end":{"line":49,"column":null}},{"start":{},"end":{}}]},"8":{"loc":{"start":{"line":46,"column":8},"end":{"line":46,"column":38}},"type":"binary-expr","locations":[{"start":{"line":46,"column":8},"end":{"line":46,"column":20}},{"start":{"line":46,"column":20},"end":{"line":46,"column":38}}]},"9":{"loc":{"start":{"line":54,"column":4},"end":{"line":62,"column":null}},"type":"if","locations":[{"start":{"line":54,"column":4},"end":{"line":62,"column":null}},{"start":{"line":60,"column":11},"end":{"line":62,"column":null}}]},"10":{"loc":{"start":{"line":65,"column":4},"end":{"line":95,"column":null}},"type":"if","locations":[{"start":{"line":65,"column":4},"end":{"line":95,"column":null}},{"start":{},"end":{}}]},"11":{"loc":{"start":{"line":108,"column":26},"end":{"line":108,"column":null}},"type":"cond-expr","locations":[{"start":{"line":108,"column":35},"end":{"line":108,"column":46}},{"start":{"line":108,"column":46},"end":{"line":108,"column":null}}]},"12":{"loc":{"start":{"line":119,"column":17},"end":{"line":119,"column":null}},"type":"cond-expr","locations":[{"start":{"line":119,"column":42},"end":{"line":119,"column":55}},{"start":{"line":119,"column":58},"end":{"line":119,"column":null}}]},"13":{"loc":{"start":{"line":160,"column":4},"end":{"line":163,"column":null}},"type":"if","locations":[{"start":{"line":160,"column":4},"end":{"line":163,"column":null}},{"start":{},"end":{}}]},"14":{"loc":{"start":{"line":171,"column":4},"end":{"line":174,"column":null}},"type":"if","locations":[{"start":{"line":171,"column":4},"end":{"line":174,"column":null}},{"start":{},"end":{}}]},"15":{"loc":{"start":{"line":178,"column":13},"end":{"line":178,"column":31}},"type":"binary-expr","locations":[{"start":{"line":178,"column":13},"end":{"line":178,"column":25}},{"start":{"line":178,"column":29},"end":{"line":178,"column":31}}]},"16":{"loc":{"start":{"line":179,"column":15},"end":{"line":179,"column":35}},"type":"binary-expr","locations":[{"start":{"line":179,"column":15},"end":{"line":179,"column":29}},{"start":{"line":179,"column":33},"end":{"line":179,"column":35}}]},"17":{"loc":{"start":{"line":180,"column":15},"end":{"line":180,"column":35}},"type":"binary-expr","locations":[{"start":{"line":180,"column":15},"end":{"line":180,"column":29}},{"start":{"line":180,"column":33},"end":{"line":180,"column":35}}]},"18":{"loc":{"start":{"line":181,"column":20},"end":{"line":181,"column":45}},"type":"binary-expr","locations":[{"start":{"line":181,"column":20},"end":{"line":181,"column":39}},{"start":{"line":181,"column":43},"end":{"line":181,"column":45}}]},"19":{"loc":{"start":{"line":182,"column":13},"end":{"line":182,"column":31}},"type":"binary-expr","locations":[{"start":{"line":182,"column":13},"end":{"line":182,"column":25}},{"start":{"line":182,"column":29},"end":{"line":182,"column":31}}]},"20":{"loc":{"start":{"line":205,"column":4},"end":{"line":205,"column":null}},"type":"binary-expr","locations":[{"start":{"line":205,"column":4},"end":{"line":205,"column":30}},{"start":{"line":205,"column":30},"end":{"line":205,"column":null}}]},"21":{"loc":{"start":{"line":211,"column":4},"end":{"line":211,"column":null}},"type":"binary-expr","locations":[{"start":{"line":211,"column":4},"end":{"line":211,"column":32}},{"start":{"line":211,"column":32},"end":{"line":211,"column":null}}]},"22":{"loc":{"start":{"line":214,"column":2},"end":{"line":214,"column":null}},"type":"if","locations":[{"start":{"line":214,"column":2},"end":{"line":214,"column":null}},{"start":{},"end":{}}]},"23":{"loc":{"start":{"line":215,"column":2},"end":{"line":215,"column":null}},"type":"if","locations":[{"start":{"line":215,"column":2},"end":{"line":215,"column":null}},{"start":{},"end":{}}]},"24":{"loc":{"start":{"line":216,"column":2},"end":{"line":216,"column":null}},"type":"if","locations":[{"start":{"line":216,"column":2},"end":{"line":216,"column":null}},{"start":{},"end":{}}]},"25":{"loc":{"start":{"line":229,"column":2},"end":{"line":231,"column":null}},"type":"if","locations":[{"start":{"line":229,"column":2},"end":{"line":231,"column":null}},{"start":{},"end":{}}]},"26":{"loc":{"start":{"line":235,"column":2},"end":{"line":237,"column":null}},"type":"if","locations":[{"start":{"line":235,"column":2},"end":{"line":237,"column":null}},{"start":{},"end":{}}]},"27":{"loc":{"start":{"line":240,"column":2},"end":{"line":242,"column":null}},"type":"if","locations":[{"start":{"line":240,"column":2},"end":{"line":242,"column":null}},{"start":{},"end":{}}]},"28":{"loc":{"start":{"line":246,"column":2},"end":{"line":248,"column":null}},"type":"if","locations":[{"start":{"line":246,"column":2},"end":{"line":248,"column":null}},{"start":{},"end":{}}]},"29":{"loc":{"start":{"line":252,"column":2},"end":{"line":254,"column":null}},"type":"if","locations":[{"start":{"line":252,"column":2},"end":{"line":254,"column":null}},{"start":{},"end":{}}]},"30":{"loc":{"start":{"line":253,"column":35},"end":{"line":253,"column":67}},"type":"binary-expr","locations":[{"start":{"line":253,"column":35},"end":{"line":253,"column":55}},{"start":{"line":253,"column":59},"end":{"line":253,"column":67}}]}},"s":{"0":0,"1":0,"2":0,"3":0,"4":0,"5":0,"6":0,"7":0,"8":0,"9":0,"10":0,"11":0,"12":0,"13":0,"14":0,"15":0,"16":0,"17":0,"18":0,"19":0,"20":0,"21":0,"22":0,"23":0,"24":0,"25":0,"26":0,"27":0,"28":0,"29":0,"30":0,"31":0,"32":0,"33":0,"34":0,"35":0,"36":0,"37":0,"38":0,"39":0,"40":0,"41":0,"42":0,"43":0,"44":0,"45":0,"46":0,"47":0,"48":0,"49":0,"50":0,"51":0,"52":0,"53":0,"54":0,"55":0,"56":0,"57":0,"58":0,"59":0,"60":0,"61":0,"62":0,"63":0,"64":0,"65":0,"66":0,"67":0,"68":0,"69":0,"70":0,"71":0,"72":0,"73":0,"74":0,"75":0,"76":0,"77":0,"78":0,"79":0,"80":0,"81":0,"82":0,"83":0,"84":0,"85":0,"86":0,"87":0,"88":0,"89":0,"90":0,"91":0,"92":0,"93":0,"94":0,"95":0,"96":0},"f":{"0":0,"1":0,"2":0,"3":0,"4":0,"5":0,"6":0,"7":0,"8":0,"9":0,"10":0,"11":0,"12":0,"13":0},"b":{"0":[0,0],"1":[0],"2":[0,0],"3":[0],"4":[0],"5":[0],"6":[0],"7":[0,0],"8":[0,0],"9":[0,0],"10":[0,0],"11":[0,0],"12":[0,0],"13":[0,0],"14":[0,0],"15":[0,0],"16":[0,0],"17":[0,0],"18":[0,0],"19":[0,0],"20":[0,0],"21":[0,0],"22":[0,0],"23":[0,0],"24":[0,0],"25":[0,0],"26":[0,0],"27":[0,0],"28":[0,0],"29":[0,0],"30":[0,0]}}
,"/home/yejh0725/law-education-platform/lib/legal-intelligence/patterns.ts": {"path":"/home/yejh0725/law-education-platform/lib/legal-intelligence/patterns.ts","statementMap":{"0":{"start":{"line":67,"column":13},"end":{"line":67,"column":28}},"1":{"start":{"line":150,"column":13},"end":{"line":150,"column":27}},"2":{"start":{"line":116,"column":13},"end":{"line":116,"column":27}},"3":{"start":{"line":9,"column":13},"end":{"line":9,"column":26}},"4":{"start":{"line":133,"column":13},"end":{"line":133,"column":30}},"5":{"start":{"line":184,"column":13},"end":{"line":184,"column":21}},"6":{"start":{"line":93,"column":13},"end":{"line":93,"column":34}},"7":{"start":{"line":35,"column":13},"end":{"line":35,"column":27}},"8":{"start":{"line":164,"column":13},"end":{"line":164,"column":31}},"9":{"start":{"line":210,"column":13},"end":{"line":210,"column":26}},"10":{"start":{"line":330,"column":0},"end":{"line":330,"column":15}},"11":{"start":{"line":9,"column":29},"end":{"line":30,"column":null}},"12":{"start":{"line":35,"column":30},"end":{"line":62,"column":null}},"13":{"start":{"line":67,"column":31},"end":{"line":88,"column":null}},"14":{"start":{"line":93,"column":37},"end":{"line":111,"column":null}},"15":{"start":{"line":116,"column":30},"end":{"line":128,"column":null}},"16":{"start":{"line":133,"column":33},"end":{"line":145,"column":null}},"17":{"start":{"line":150,"column":30},"end":{"line":159,"column":null}},"18":{"start":{"line":164,"column":34},"end":{"line":179,"column":null}},"19":{"start":{"line":184,"column":24},"end":{"line":205,"column":null}},"20":{"start":{"line":215,"column":4},"end":{"line":215,"column":null}},"21":{"start":{"line":215,"column":15},"end":{"line":215,"column":null}},"22":{"start":{"line":216,"column":4},"end":{"line":219,"column":null}},"23":{"start":{"line":226,"column":40},"end":{"line":242,"column":null}},"24":{"start":{"line":244,"column":17},"end":{"line":244,"column":null}},"25":{"start":{"line":245,"column":15},"end":{"line":245,"column":null}},"26":{"start":{"line":246,"column":15},"end":{"line":246,"column":null}},"27":{"start":{"line":248,"column":4},"end":{"line":262,"column":null}},"28":{"start":{"line":248,"column":17},"end":{"line":248,"column":37}},"29":{"start":{"line":249,"column":19},"end":{"line":249,"column":29}},"30":{"start":{"line":250,"column":20},"end":{"line":250,"column":29}},"31":{"start":{"line":252,"column":6},"end":{"line":252,"column":null}},"32":{"start":{"line":252,"column":31},"end":{"line":252,"column":null}},"33":{"start":{"line":254,"column":6},"end":{"line":261,"column":null}},"34":{"start":{"line":255,"column":8},"end":{"line":255,"column":null}},"35":{"start":{"line":256,"column":8},"end":{"line":256,"column":null}},"36":{"start":{"line":256,"column":24},"end":{"line":256,"column":null}},"37":{"start":{"line":257,"column":8},"end":{"line":257,"column":null}},"38":{"start":{"line":258,"column":8},"end":{"line":258,"column":null}},"39":{"start":{"line":260,"column":8},"end":{"line":260,"column":null}},"40":{"start":{"line":264,"column":4},"end":{"line":264,"column":null}},"41":{"start":{"line":271,"column":14},"end":{"line":271,"column":null}},"42":{"start":{"line":272,"column":14},"end":{"line":272,"column":null}},"43":{"start":{"line":273,"column":14},"end":{"line":273,"column":null}},"44":{"start":{"line":274,"column":4},"end":{"line":274,"column":null}},"45":{"start":{"line":281,"column":18},"end":{"line":288,"column":null}},"46":{"start":{"line":290,"column":4},"end":{"line":294,"column":null}},"47":{"start":{"line":291,"column":6},"end":{"line":293,"column":null}},"48":{"start":{"line":292,"column":8},"end":{"line":292,"column":null}},"49":{"start":{"line":296,"column":4},"end":{"line":296,"column":null}},"50":{"start":{"line":304,"column":20},"end":{"line":304,"column":null}},"51":{"start":{"line":307,"column":18},"end":{"line":307,"column":null}},"52":{"start":{"line":309,"column":4},"end":{"line":315,"column":null}},"53":{"start":{"line":310,"column":20},"end":{"line":310,"column":null}},"54":{"start":{"line":312,"column":6},"end":{"line":312,"column":null}},"55":{"start":{"line":312,"column":33},"end":{"line":312,"column":null}},"56":{"start":{"line":313,"column":6},"end":{"line":313,"column":null}},"57":{"start":{"line":313,"column":33},"end":{"line":313,"column":null}},"58":{"start":{"line":314,"column":6},"end":{"line":314,"column":null}},"59":{"start":{"line":318,"column":25},"end":{"line":318,"column":null}},"60":{"start":{"line":319,"column":4},"end":{"line":321,"column":null}},"61":{"start":{"line":320,"column":6},"end":{"line":320,"column":null}},"62":{"start":{"line":323,"column":4},"end":{"line":323,"column":null}},"63":{"start":{"line":330,"column":15},"end":{"line":341,"column":1}}},"fnMap":{"0":{"name":"(anonymous_12)","decl":{"start":{"line":214,"column":2},"end":{"line":214,"column":9}},"loc":{"start":{"line":214,"column":50},"end":{"line":220,"column":null}}},"1":{"name":"(anonymous_13)","decl":{"start":{"line":225,"column":2},"end":{"line":225,"column":9}},"loc":{"start":{"line":225,"column":50},"end":{"line":265,"column":null}}},"2":{"name":"(anonymous_14)","decl":{"start":{"line":270,"column":2},"end":{"line":270,"column":9}},"loc":{"start":{"line":270,"column":75},"end":{"line":275,"column":null}}},"3":{"name":"(anonymous_15)","decl":{"start":{"line":280,"column":2},"end":{"line":280,"column":9}},"loc":{"start":{"line":280,"column":46},"end":{"line":297,"column":null}}},"4":{"name":"(anonymous_16)","decl":{"start":{"line":302,"column":2},"end":{"line":302,"column":9}},"loc":{"start":{"line":302,"column":50},"end":{"line":324,"column":null}}}},"branchMap":{"0":{"loc":{"start":{"line":215,"column":4},"end":{"line":215,"column":null}},"type":"if","locations":[{"start":{"line":215,"column":4},"end":{"line":215,"column":null}},{"start":{},"end":{}}]},"1":{"loc":{"start":{"line":252,"column":6},"end":{"line":252,"column":null}},"type":"if","locations":[{"start":{"line":252,"column":6},"end":{"line":252,"column":null}},{"start":{},"end":{}}]},"2":{"loc":{"start":{"line":254,"column":6},"end":{"line":261,"column":null}},"type":"if","locations":[{"start":{"line":254,"column":6},"end":{"line":261,"column":null}},{"start":{"line":259,"column":13},"end":{"line":261,"column":null}}]},"3":{"loc":{"start":{"line":254,"column":10},"end":{"line":254,"column":38}},"type":"binary-expr","locations":[{"start":{"line":254,"column":10},"end":{"line":254,"column":25}},{"start":{"line":254,"column":25},"end":{"line":254,"column":38}}]},"4":{"loc":{"start":{"line":256,"column":8},"end":{"line":256,"column":null}},"type":"if","locations":[{"start":{"line":256,"column":8},"end":{"line":256,"column":null}},{"start":{},"end":{}}]},"5":{"loc":{"start":{"line":291,"column":6},"end":{"line":293,"column":null}},"type":"if","locations":[{"start":{"line":291,"column":6},"end":{"line":293,"column":null}},{"start":{},"end":{}}]},"6":{"loc":{"start":{"line":309,"column":4},"end":{"line":315,"column":null}},"type":"if","locations":[{"start":{"line":309,"column":4},"end":{"line":315,"column":null}},{"start":{},"end":{}}]},"7":{"loc":{"start":{"line":312,"column":6},"end":{"line":312,"column":null}},"type":"if","locations":[{"start":{"line":312,"column":6},"end":{"line":312,"column":null}},{"start":{},"end":{}}]},"8":{"loc":{"start":{"line":313,"column":6},"end":{"line":313,"column":null}},"type":"if","locations":[{"start":{"line":313,"column":6},"end":{"line":313,"column":null}},{"start":{},"end":{}}]},"9":{"loc":{"start":{"line":319,"column":4},"end":{"line":321,"column":null}},"type":"if","locations":[{"start":{"line":319,"column":4},"end":{"line":321,"column":null}},{"start":{},"end":{}}]}},"s":{"0":0,"1":0,"2":0,"3":0,"4":0,"5":0,"6":0,"7":0,"8":0,"9":0,"10":0,"11":0,"12":0,"13":0,"14":0,"15":0,"16":0,"17":0,"18":0,"19":0,"20":0,"21":0,"22":0,"23":0,"24":0,"25":0,"26":0,"27":0,"28":0,"29":0,"30":0,"31":0,"32":0,"33":0,"34":0,"35":0,"36":0,"37":0,"38":0,"39":0,"40":0,"41":0,"42":0,"43":0,"44":0,"45":0,"46":0,"47":0,"48":0,"49":0,"50":0,"51":0,"52":0,"53":0,"54":0,"55":0,"56":0,"57":0,"58":0,"59":0,"60":0,"61":0,"62":0,"63":0},"f":{"0":0,"1":0,"2":0,"3":0,"4":0},"b":{"0":[0,0],"1":[0,0],"2":[0,0],"3":[0,0],"4":[0,0],"5":[0,0],"6":[0,0],"7":[0,0],"8":[0,0],"9":[0,0]}}
,"/home/yejh0725/law-education-platform/lib/legal-intelligence/preprocessor.ts": {"path":"/home/yejh0725/law-education-platform/lib/legal-intelligence/preprocessor.ts","statementMap":{"0":{"start":{"line":16,"column":13},"end":{"line":16,"column":33}},"1":{"start":{"line":406,"column":0},"end":{"line":406,"column":15}},"2":{"start":{"line":11,"column":31},"end":{"line":11,"column":null}},"3":{"start":{"line":22,"column":21},"end":{"line":22,"column":null}},"4":{"start":{"line":25,"column":24},"end":{"line":25,"column":null}},"5":{"start":{"line":28,"column":22},"end":{"line":28,"column":null}},"6":{"start":{"line":31,"column":23},"end":{"line":31,"column":null}},"7":{"start":{"line":34,"column":21},"end":{"line":34,"column":null}},"8":{"start":{"line":36,"column":4},"end":{"line":44,"column":null}},"9":{"start":{"line":51,"column":4},"end":{"line":77,"column":null}},"10":{"start":{"line":74,"column":36},"end":{"line":74,"column":null}},"11":{"start":{"line":75,"column":39},"end":{"line":75,"column":null}},"12":{"start":{"line":85,"column":22},"end":{"line":88,"column":null}},"13":{"start":{"line":87,"column":16},"end":{"line":87,"column":null}},"14":{"start":{"line":88,"column":19},"end":{"line":88,"column":null}},"15":{"start":{"line":91,"column":29},"end":{"line":91,"column":31}},"16":{"start":{"line":92,"column":4},"end":{"line":104,"column":null}},"17":{"start":{"line":93,"column":6},"end":{"line":103,"column":null}},"18":{"start":{"line":95,"column":29},"end":{"line":95,"column":null}},"19":{"start":{"line":96,"column":8},"end":{"line":100,"column":null}},"20":{"start":{"line":97,"column":10},"end":{"line":97,"column":null}},"21":{"start":{"line":97,"column":47},"end":{"line":97,"column":57}},"22":{"start":{"line":97,"column":69},"end":{"line":97,"column":null}},"23":{"start":{"line":99,"column":10},"end":{"line":99,"column":null}},"24":{"start":{"line":102,"column":8},"end":{"line":102,"column":null}},"25":{"start":{"line":106,"column":4},"end":{"line":106,"column":null}},"26":{"start":{"line":113,"column":4},"end":{"line":116,"column":null}},"27":{"start":{"line":115,"column":16},"end":{"line":115,"column":null}},"28":{"start":{"line":116,"column":19},"end":{"line":116,"column":null}},"29":{"start":{"line":124,"column":25},"end":{"line":124,"column":61}},"30":{"start":{"line":125,"column":23},"end":{"line":125,"column":53}},"31":{"start":{"line":127,"column":4},"end":{"line":127,"column":null}},"32":{"start":{"line":127,"column":26},"end":{"line":127,"column":null}},"33":{"start":{"line":129,"column":25},"end":{"line":129,"column":null}},"34":{"start":{"line":130,"column":4},"end":{"line":130,"column":null}},"35":{"start":{"line":137,"column":39},"end":{"line":143,"column":null}},"36":{"start":{"line":146,"column":25},"end":{"line":146,"column":null}},"37":{"start":{"line":147,"column":4},"end":{"line":149,"column":null}},"38":{"start":{"line":148,"column":6},"end":{"line":148,"column":null}},"39":{"start":{"line":152,"column":28},"end":{"line":152,"column":null}},"40":{"start":{"line":153,"column":4},"end":{"line":155,"column":null}},"41":{"start":{"line":154,"column":6},"end":{"line":154,"column":null}},"42":{"start":{"line":158,"column":27},"end":{"line":158,"column":null}},"43":{"start":{"line":159,"column":4},"end":{"line":161,"column":null}},"44":{"start":{"line":160,"column":6},"end":{"line":160,"column":null}},"45":{"start":{"line":166,"column":4},"end":{"line":166,"column":null}},"46":{"start":{"line":173,"column":23},"end":{"line":178,"column":null}},"47":{"start":{"line":180,"column":4},"end":{"line":185,"column":null}},"48":{"start":{"line":181,"column":22},"end":{"line":181,"column":null}},"49":{"start":{"line":181,"column":47},"end":{"line":181,"column":null}},"50":{"start":{"line":182,"column":6},"end":{"line":184,"column":null}},"51":{"start":{"line":183,"column":8},"end":{"line":183,"column":null}},"52":{"start":{"line":187,"column":4},"end":{"line":187,"column":null}},"53":{"start":{"line":194,"column":18},"end":{"line":194,"column":null}},"54":{"start":{"line":195,"column":4},"end":{"line":198,"column":null}},"55":{"start":{"line":196,"column":36},"end":{"line":196,"column":null}},"56":{"start":{"line":197,"column":6},"end":{"line":197,"column":null}},"57":{"start":{"line":199,"column":4},"end":{"line":199,"column":null}},"58":{"start":{"line":206,"column":19},"end":{"line":206,"column":null}},"59":{"start":{"line":209,"column":4},"end":{"line":236,"column":null}},"60":{"start":{"line":212,"column":8},"end":{"line":217,"column":null}},"61":{"start":{"line":218,"column":8},"end":{"line":218,"column":null}},"62":{"start":{"line":222,"column":8},"end":{"line":226,"column":null}},"63":{"start":{"line":227,"column":8},"end":{"line":227,"column":null}},"64":{"start":{"line":231,"column":8},"end":{"line":234,"column":null}},"65":{"start":{"line":235,"column":8},"end":{"line":235,"column":null}},"66":{"start":{"line":238,"column":4},"end":{"line":238,"column":null}},"67":{"start":{"line":245,"column":41},"end":{"line":249,"column":null}},"68":{"start":{"line":251,"column":18},"end":{"line":251,"column":null}},"69":{"start":{"line":252,"column":41},"end":{"line":252,"column":null}},"70":{"start":{"line":253,"column":19},"end":{"line":253,"column":null}},"71":{"start":{"line":254,"column":19},"end":{"line":254,"column":null}},"72":{"start":{"line":256,"column":4},"end":{"line":287,"column":null}},"73":{"start":{"line":256,"column":17},"end":{"line":256,"column":20}},"74":{"start":{"line":257,"column":19},"end":{"line":257,"column":null}},"75":{"start":{"line":260,"column":6},"end":{"line":286,"column":null}},"76":{"start":{"line":261,"column":8},"end":{"line":263,"column":null}},"77":{"start":{"line":262,"column":10},"end":{"line":262,"column":null}},"78":{"start":{"line":264,"column":8},"end":{"line":268,"column":null}},"79":{"start":{"line":269,"column":8},"end":{"line":269,"column":null}},"80":{"start":{"line":272,"column":11},"end":{"line":286,"column":null}},"81":{"start":{"line":273,"column":8},"end":{"line":273,"column":null}},"82":{"start":{"line":274,"column":8},"end":{"line":277,"column":null}},"83":{"start":{"line":275,"column":10},"end":{"line":275,"column":null}},"84":{"start":{"line":276,"column":10},"end":{"line":276,"column":null}},"85":{"start":{"line":280,"column":11},"end":{"line":286,"column":null}},"86":{"start":{"line":281,"column":8},"end":{"line":281,"column":null}},"87":{"start":{"line":282,"column":13},"end":{"line":286,"column":null}},"88":{"start":{"line":283,"column":8},"end":{"line":283,"column":null}},"89":{"start":{"line":284,"column":13},"end":{"line":286,"column":null}},"90":{"start":{"line":285,"column":8},"end":{"line":285,"column":null}},"91":{"start":{"line":290,"column":4},"end":{"line":292,"column":null}},"92":{"start":{"line":291,"column":6},"end":{"line":291,"column":null}},"93":{"start":{"line":294,"column":4},"end":{"line":294,"column":null}},"94":{"start":{"line":301,"column":21},"end":{"line":307,"column":null}},"95":{"start":{"line":309,"column":4},"end":{"line":309,"column":null}},"96":{"start":{"line":309,"column":36},"end":{"line":309,"column":null}},"97":{"start":{"line":316,"column":29},"end":{"line":320,"column":null}},"98":{"start":{"line":322,"column":4},"end":{"line":322,"column":null}},"99":{"start":{"line":322,"column":46},"end":{"line":322,"column":null}},"100":{"start":{"line":329,"column":22},"end":{"line":329,"column":null}},"101":{"start":{"line":330,"column":30},"end":{"line":330,"column":96}},"102":{"start":{"line":330,"column":59},"end":{"line":330,"column":73}},"103":{"start":{"line":333,"column":23},"end":{"line":333,"column":null}},"104":{"start":{"line":334,"column":24},"end":{"line":334,"column":56}},"105":{"start":{"line":338,"column":4},"end":{"line":344,"column":null}},"106":{"start":{"line":339,"column":6},"end":{"line":339,"column":null}},"107":{"start":{"line":340,"column":11},"end":{"line":344,"column":null}},"108":{"start":{"line":341,"column":6},"end":{"line":341,"column":null}},"109":{"start":{"line":343,"column":6},"end":{"line":343,"column":null}},"110":{"start":{"line":346,"column":4},"end":{"line":352,"column":null}},"111":{"start":{"line":359,"column":23},"end":{"line":363,"column":null}},"112":{"start":{"line":365,"column":16},"end":{"line":365,"column":null}},"113":{"start":{"line":366,"column":4},"end":{"line":371,"column":null}},"114":{"start":{"line":367,"column":22},"end":{"line":367,"column":null}},"115":{"start":{"line":368,"column":6},"end":{"line":370,"column":null}},"116":{"start":{"line":369,"column":8},"end":{"line":369,"column":null}},"117":{"start":{"line":373,"column":4},"end":{"line":373,"column":null}},"118":{"start":{"line":406,"column":15},"end":{"line":406,"column":35}}},"fnMap":{"0":{"name":"(anonymous_3)","decl":{"start":{"line":20,"column":2},"end":{"line":20,"column":9}},"loc":{"start":{"line":20,"column":77},"end":{"line":45,"column":null}}},"1":{"name":"(anonymous_4)","decl":{"start":{"line":50,"column":2},"end":{"line":50,"column":17}},"loc":{"start":{"line":50,"column":49},"end":{"line":78,"column":null}}},"2":{"name":"(anonymous_5)","decl":{"start":{"line":74,"column":25},"end":{"line":74,"column":26}},"loc":{"start":{"line":74,"column":36},"end":{"line":74,"column":null}}},"3":{"name":"(anonymous_6)","decl":{"start":{"line":75,"column":28},"end":{"line":75,"column":29}},"loc":{"start":{"line":75,"column":39},"end":{"line":75,"column":null}}},"4":{"name":"(anonymous_7)","decl":{"start":{"line":83,"column":2},"end":{"line":83,"column":17}},"loc":{"start":{"line":83,"column":60},"end":{"line":107,"column":null}}},"5":{"name":"(anonymous_8)","decl":{"start":{"line":87,"column":11},"end":{"line":87,"column":16}},"loc":{"start":{"line":87,"column":16},"end":{"line":87,"column":null}}},"6":{"name":"(anonymous_9)","decl":{"start":{"line":88,"column":14},"end":{"line":88,"column":19}},"loc":{"start":{"line":88,"column":19},"end":{"line":88,"column":null}}},"7":{"name":"(anonymous_10)","decl":{"start":{"line":97,"column":42},"end":{"line":97,"column":47}},"loc":{"start":{"line":97,"column":47},"end":{"line":97,"column":57}}},"8":{"name":"(anonymous_11)","decl":{"start":{"line":97,"column":64},"end":{"line":97,"column":69}},"loc":{"start":{"line":97,"column":69},"end":{"line":97,"column":null}}},"9":{"name":"(anonymous_12)","decl":{"start":{"line":112,"column":2},"end":{"line":112,"column":17}},"loc":{"start":{"line":112,"column":61},"end":{"line":117,"column":null}}},"10":{"name":"(anonymous_13)","decl":{"start":{"line":115,"column":11},"end":{"line":115,"column":16}},"loc":{"start":{"line":115,"column":16},"end":{"line":115,"column":null}}},"11":{"name":"(anonymous_14)","decl":{"start":{"line":116,"column":14},"end":{"line":116,"column":19}},"loc":{"start":{"line":116,"column":19},"end":{"line":116,"column":null}}},"12":{"name":"(anonymous_15)","decl":{"start":{"line":122,"column":2},"end":{"line":122,"column":17}},"loc":{"start":{"line":122,"column":59},"end":{"line":131,"column":null}}},"13":{"name":"(anonymous_16)","decl":{"start":{"line":136,"column":2},"end":{"line":136,"column":17}},"loc":{"start":{"line":136,"column":84},"end":{"line":167,"column":null}}},"14":{"name":"(anonymous_17)","decl":{"start":{"line":172,"column":2},"end":{"line":172,"column":17}},"loc":{"start":{"line":172,"column":84},"end":{"line":188,"column":null}}},"15":{"name":"(anonymous_18)","decl":{"start":{"line":181,"column":36},"end":{"line":181,"column":47}},"loc":{"start":{"line":181,"column":47},"end":{"line":181,"column":null}}},"16":{"name":"(anonymous_19)","decl":{"start":{"line":193,"column":2},"end":{"line":193,"column":17}},"loc":{"start":{"line":193,"column":56},"end":{"line":200,"column":null}}},"17":{"name":"(anonymous_20)","decl":{"start":{"line":205,"column":2},"end":{"line":205,"column":9}},"loc":{"start":{"line":205,"column":83},"end":{"line":239,"column":null}}},"18":{"name":"(anonymous_21)","decl":{"start":{"line":244,"column":2},"end":{"line":244,"column":9}},"loc":{"start":{"line":244,"column":67},"end":{"line":295,"column":null}}},"19":{"name":"(anonymous_22)","decl":{"start":{"line":300,"column":2},"end":{"line":300,"column":17}},"loc":{"start":{"line":300,"column":55},"end":{"line":310,"column":null}}},"20":{"name":"(anonymous_23)","decl":{"start":{"line":309,"column":25},"end":{"line":309,"column":36}},"loc":{"start":{"line":309,"column":36},"end":{"line":309,"column":null}}},"21":{"name":"(anonymous_24)","decl":{"start":{"line":315,"column":2},"end":{"line":315,"column":17}},"loc":{"start":{"line":315,"column":54},"end":{"line":323,"column":null}}},"22":{"name":"(anonymous_25)","decl":{"start":{"line":322,"column":33},"end":{"line":322,"column":46}},"loc":{"start":{"line":322,"column":46},"end":{"line":322,"column":null}}},"23":{"name":"(anonymous_26)","decl":{"start":{"line":328,"column":2},"end":{"line":328,"column":9}},"loc":{"start":{"line":328,"column":59},"end":{"line":353,"column":null}}},"24":{"name":"(anonymous_27)","decl":{"start":{"line":330,"column":47},"end":{"line":330,"column":48}},"loc":{"start":{"line":330,"column":59},"end":{"line":330,"column":73}}},"25":{"name":"(anonymous_28)","decl":{"start":{"line":358,"column":2},"end":{"line":358,"column":17}},"loc":{"start":{"line":358,"column":55},"end":{"line":374,"column":null}}}},"branchMap":{"0":{"loc":{"start":{"line":93,"column":6},"end":{"line":103,"column":null}},"type":"if","locations":[{"start":{"line":93,"column":6},"end":{"line":103,"column":null}},{"start":{"line":101,"column":13},"end":{"line":103,"column":null}}]},"1":{"loc":{"start":{"line":96,"column":8},"end":{"line":100,"column":null}},"type":"if","locations":[{"start":{"line":96,"column":8},"end":{"line":100,"column":null}},{"start":{"line":98,"column":15},"end":{"line":100,"column":null}}]},"2":{"loc":{"start":{"line":124,"column":25},"end":{"line":124,"column":61}},"type":"binary-expr","locations":[{"start":{"line":124,"column":25},"end":{"line":124,"column":59}},{"start":{"line":124,"column":59},"end":{"line":124,"column":61}}]},"3":{"loc":{"start":{"line":127,"column":4},"end":{"line":127,"column":null}},"type":"if","locations":[{"start":{"line":127,"column":4},"end":{"line":127,"column":null}},{"start":{},"end":{}}]},"4":{"loc":{"start":{"line":130,"column":11},"end":{"line":130,"column":null}},"type":"cond-expr","locations":[{"start":{"line":130,"column":32},"end":{"line":130,"column":39}},{"start":{"line":130,"column":39},"end":{"line":130,"column":null}}]},"5":{"loc":{"start":{"line":147,"column":4},"end":{"line":149,"column":null}},"type":"if","locations":[{"start":{"line":147,"column":4},"end":{"line":149,"column":null}},{"start":{},"end":{}}]},"6":{"loc":{"start":{"line":147,"column":8},"end":{"line":147,"column":53}},"type":"binary-expr","locations":[{"start":{"line":147,"column":8},"end":{"line":147,"column":35}},{"start":{"line":147,"column":35},"end":{"line":147,"column":53}}]},"7":{"loc":{"start":{"line":153,"column":4},"end":{"line":155,"column":null}},"type":"if","locations":[{"start":{"line":153,"column":4},"end":{"line":155,"column":null}},{"start":{},"end":{}}]},"8":{"loc":{"start":{"line":159,"column":4},"end":{"line":161,"column":null}},"type":"if","locations":[{"start":{"line":159,"column":4},"end":{"line":161,"column":null}},{"start":{},"end":{}}]},"9":{"loc":{"start":{"line":182,"column":6},"end":{"line":184,"column":null}},"type":"if","locations":[{"start":{"line":182,"column":6},"end":{"line":184,"column":null}},{"start":{},"end":{}}]},"10":{"loc":{"start":{"line":195,"column":4},"end":{"line":198,"column":null}},"type":"if","locations":[{"start":{"line":195,"column":4},"end":{"line":198,"column":null}},{"start":{},"end":{}}]},"11":{"loc":{"start":{"line":209,"column":4},"end":{"line":236,"column":null}},"type":"switch","locations":[{"start":{"line":210,"column":6},"end":{"line":218,"column":null}},{"start":{"line":220,"column":6},"end":{"line":227,"column":null}},{"start":{"line":229,"column":6},"end":{"line":235,"column":null}}]},"12":{"loc":{"start":{"line":260,"column":6},"end":{"line":286,"column":null}},"type":"if","locations":[{"start":{"line":260,"column":6},"end":{"line":286,"column":null}},{"start":{"line":272,"column":11},"end":{"line":286,"column":null}}]},"13":{"loc":{"start":{"line":261,"column":8},"end":{"line":263,"column":null}},"type":"if","locations":[{"start":{"line":261,"column":8},"end":{"line":263,"column":null}},{"start":{},"end":{}}]},"14":{"loc":{"start":{"line":272,"column":11},"end":{"line":286,"column":null}},"type":"if","locations":[{"start":{"line":272,"column":11},"end":{"line":286,"column":null}},{"start":{"line":280,"column":11},"end":{"line":286,"column":null}}]},"15":{"loc":{"start":{"line":274,"column":8},"end":{"line":277,"column":null}},"type":"if","locations":[{"start":{"line":274,"column":8},"end":{"line":277,"column":null}},{"start":{},"end":{}}]},"16":{"loc":{"start":{"line":280,"column":11},"end":{"line":286,"column":null}},"type":"if","locations":[{"start":{"line":280,"column":11},"end":{"line":286,"column":null}},{"start":{"line":282,"column":13},"end":{"line":286,"column":null}}]},"17":{"loc":{"start":{"line":282,"column":13},"end":{"line":286,"column":null}},"type":"if","locations":[{"start":{"line":282,"column":13},"end":{"line":286,"column":null}},{"start":{"line":284,"column":13},"end":{"line":286,"column":null}}]},"18":{"loc":{"start":{"line":282,"column":17},"end":{"line":282,"column":46}},"type":"binary-expr","locations":[{"start":{"line":282,"column":17},"end":{"line":282,"column":29}},{"start":{"line":282,"column":29},"end":{"line":282,"column":46}}]},"19":{"loc":{"start":{"line":284,"column":13},"end":{"line":286,"column":null}},"type":"if","locations":[{"start":{"line":284,"column":13},"end":{"line":286,"column":null}},{"start":{},"end":{}}]},"20":{"loc":{"start":{"line":290,"column":4},"end":{"line":292,"column":null}},"type":"if","locations":[{"start":{"line":290,"column":4},"end":{"line":292,"column":null}},{"start":{},"end":{}}]},"21":{"loc":{"start":{"line":338,"column":4},"end":{"line":344,"column":null}},"type":"if","locations":[{"start":{"line":338,"column":4},"end":{"line":344,"column":null}},{"start":{"line":340,"column":11},"end":{"line":344,"column":null}}]},"22":{"loc":{"start":{"line":338,"column":8},"end":{"line":338,"column":52}},"type":"binary-expr","locations":[{"start":{"line":338,"column":8},"end":{"line":338,"column":34}},{"start":{"line":338,"column":34},"end":{"line":338,"column":52}}]},"23":{"loc":{"start":{"line":340,"column":11},"end":{"line":344,"column":null}},"type":"if","locations":[{"start":{"line":340,"column":11},"end":{"line":344,"column":null}},{"start":{"line":342,"column":11},"end":{"line":344,"column":null}}]},"24":{"loc":{"start":{"line":340,"column":15},"end":{"line":340,"column":59}},"type":"binary-expr","locations":[{"start":{"line":340,"column":15},"end":{"line":340,"column":41}},{"start":{"line":340,"column":41},"end":{"line":340,"column":59}}]},"25":{"loc":{"start":{"line":368,"column":6},"end":{"line":370,"column":null}},"type":"if","locations":[{"start":{"line":368,"column":6},"end":{"line":370,"column":null}},{"start":{},"end":{}}]}},"s":{"0":0,"1":0,"2":0,"3":0,"4":0,"5":0,"6":0,"7":0,"8":0,"9":0,"10":0,"11":0,"12":0,"13":0,"14":0,"15":0,"16":0,"17":0,"18":0,"19":0,"20":0,"21":0,"22":0,"23":0,"24":0,"25":0,"26":0,"27":0,"28":0,"29":0,"30":0,"31":0,"32":0,"33":0,"34":0,"35":0,"36":0,"37":0,"38":0,"39":0,"40":0,"41":0,"42":0,"43":0,"44":0,"45":0,"46":0,"47":0,"48":0,"49":0,"50":0,"51":0,"52":0,"53":0,"54":0,"55":0,"56":0,"57":0,"58":0,"59":0,"60":0,"61":0,"62":0,"63":0,"64":0,"65":0,"66":0,"67":0,"68":0,"69":0,"70":0,"71":0,"72":0,"73":0,"74":0,"75":0,"76":0,"77":0,"78":0,"79":0,"80":0,"81":0,"82":0,"83":0,"84":0,"85":0,"86":0,"87":0,"88":0,"89":0,"90":0,"91":0,"92":0,"93":0,"94":0,"95":0,"96":0,"97":0,"98":0,"99":0,"100":0,"101":0,"102":0,"103":0,"104":0,"105":0,"106":0,"107":0,"108":0,"109":0,"110":0,"111":0,"112":0,"113":0,"114":0,"115":0,"116":0,"117":0,"118":0},"f":{"0":0,"1":0,"2":0,"3":0,"4":0,"5":0,"6":0,"7":0,"8":0,"9":0,"10":0,"11":0,"12":0,"13":0,"14":0,"15":0,"16":0,"17":0,"18":0,"19":0,"20":0,"21":0,"22":0,"23":0,"24":0,"25":0},"b":{"0":[0,0],"1":[0,0],"2":[0,0],"3":[0,0],"4":[0,0],"5":[0,0],"6":[0,0],"7":[0,0],"8":[0,0],"9":[0,0],"10":[0,0],"11":[0,0,0],"12":[0,0],"13":[0,0],"14":[0,0],"15":[0,0],"16":[0,0],"17":[0,0],"18":[0,0],"19":[0,0],"20":[0,0],"21":[0,0],"22":[0,0],"23":[0,0],"24":[0,0],"25":[0,0]}}
,"/home/yejh0725/law-education-platform/lib/legal-intelligence/prompt-optimizer.ts": {"path":"/home/yejh0725/law-education-platform/lib/legal-intelligence/prompt-optimizer.ts","statementMap":{"0":{"start":{"line":20,"column":13},"end":{"line":20,"column":30}},"1":{"start":{"line":512,"column":0},"end":{"line":512,"column":15}},"2":{"start":{"line":23,"column":3},"end":{"line":266,"column":null}},"3":{"start":{"line":276,"column":21},"end":{"line":276,"column":null}},"4":{"start":{"line":277,"column":4},"end":{"line":279,"column":null}},"5":{"start":{"line":278,"column":6},"end":{"line":278,"column":null}},"6":{"start":{"line":281,"column":17},"end":{"line":281,"column":null}},"7":{"start":{"line":284,"column":4},"end":{"line":286,"column":null}},"8":{"start":{"line":285,"column":6},"end":{"line":285,"column":null}},"9":{"start":{"line":289,"column":4},"end":{"line":289,"column":null}},"10":{"start":{"line":291,"column":4},"end":{"line":291,"column":null}},"11":{"start":{"line":298,"column":20},"end":{"line":298,"column":null}},"12":{"start":{"line":300,"column":4},"end":{"line":317,"column":null}},"13":{"start":{"line":324,"column":21},"end":{"line":324,"column":null}},"14":{"start":{"line":325,"column":4},"end":{"line":325,"column":null}},"15":{"start":{"line":332,"column":21},"end":{"line":332,"column":null}},"16":{"start":{"line":333,"column":4},"end":{"line":333,"column":null}},"17":{"start":{"line":340,"column":20},"end":{"line":340,"column":null}},"18":{"start":{"line":343,"column":4},"end":{"line":348,"column":null}},"19":{"start":{"line":344,"column":21},"end":{"line":344,"column":null}},"20":{"start":{"line":345,"column":6},"end":{"line":347,"column":null}},"21":{"start":{"line":346,"column":8},"end":{"line":346,"column":null}},"22":{"start":{"line":346,"column":54},"end":{"line":346,"column":62}},"23":{"start":{"line":351,"column":4},"end":{"line":357,"column":null}},"24":{"start":{"line":359,"column":4},"end":{"line":359,"column":null}},"25":{"start":{"line":369,"column":21},"end":{"line":369,"column":null}},"26":{"start":{"line":370,"column":4},"end":{"line":370,"column":null}},"27":{"start":{"line":370,"column":19},"end":{"line":370,"column":null}},"28":{"start":{"line":372,"column":17},"end":{"line":372,"column":null}},"29":{"start":{"line":374,"column":4},"end":{"line":377,"column":null}},"30":{"start":{"line":375,"column":6},"end":{"line":375,"column":null}},"31":{"start":{"line":376,"column":6},"end":{"line":376,"column":null}},"32":{"start":{"line":379,"column":4},"end":{"line":379,"column":null}},"33":{"start":{"line":381,"column":4},"end":{"line":381,"column":null}},"34":{"start":{"line":388,"column":4},"end":{"line":392,"column":null}},"35":{"start":{"line":390,"column":25},"end":{"line":390,"column":44}},"36":{"start":{"line":399,"column":19},"end":{"line":399,"column":null}},"37":{"start":{"line":402,"column":4},"end":{"line":404,"column":null}},"38":{"start":{"line":403,"column":6},"end":{"line":403,"column":null}},"39":{"start":{"line":406,"column":4},"end":{"line":408,"column":null}},"40":{"start":{"line":407,"column":6},"end":{"line":407,"column":null}},"41":{"start":{"line":410,"column":4},"end":{"line":410,"column":null}},"42":{"start":{"line":417,"column":16},"end":{"line":417,"column":null}},"43":{"start":{"line":420,"column":4},"end":{"line":420,"column":null}},"44":{"start":{"line":423,"column":22},"end":{"line":423,"column":null}},"45":{"start":{"line":424,"column":4},"end":{"line":426,"column":null}},"46":{"start":{"line":425,"column":6},"end":{"line":425,"column":null}},"47":{"start":{"line":437,"column":4},"end":{"line":442,"column":null}},"48":{"start":{"line":438,"column":6},"end":{"line":438,"column":null}},"49":{"start":{"line":440,"column":6},"end":{"line":440,"column":null}},"50":{"start":{"line":441,"column":6},"end":{"line":441,"column":null}},"51":{"start":{"line":451,"column":28},"end":{"line":451,"column":30}},"52":{"start":{"line":453,"column":4},"end":{"line":458,"column":null}},"53":{"start":{"line":454,"column":6},"end":{"line":454,"column":null}},"54":{"start":{"line":455,"column":6},"end":{"line":457,"column":null}},"55":{"start":{"line":456,"column":8},"end":{"line":456,"column":null}},"56":{"start":{"line":460,"column":4},"end":{"line":465,"column":null}},"57":{"start":{"line":461,"column":6},"end":{"line":461,"column":null}},"58":{"start":{"line":462,"column":6},"end":{"line":464,"column":null}},"59":{"start":{"line":463,"column":8},"end":{"line":463,"column":null}},"60":{"start":{"line":467,"column":4},"end":{"line":472,"column":null}},"61":{"start":{"line":468,"column":6},"end":{"line":468,"column":null}},"62":{"start":{"line":469,"column":6},"end":{"line":471,"column":null}},"63":{"start":{"line":470,"column":8},"end":{"line":470,"column":null}},"64":{"start":{"line":474,"column":4},"end":{"line":479,"column":null}},"65":{"start":{"line":475,"column":6},"end":{"line":475,"column":null}},"66":{"start":{"line":476,"column":6},"end":{"line":478,"column":null}},"67":{"start":{"line":477,"column":8},"end":{"line":477,"column":null}},"68":{"start":{"line":481,"column":4},"end":{"line":481,"column":null}},"69":{"start":{"line":488,"column":29},"end":{"line":488,"column":31}},"70":{"start":{"line":490,"column":4},"end":{"line":506,"column":null}},"71":{"start":{"line":492,"column":6},"end":{"line":494,"column":null}},"72":{"start":{"line":493,"column":8},"end":{"line":493,"column":null}},"73":{"start":{"line":497,"column":6},"end":{"line":499,"column":null}},"74":{"start":{"line":498,"column":8},"end":{"line":498,"column":null}},"75":{"start":{"line":502,"column":6},"end":{"line":505,"column":null}},"76":{"start":{"line":504,"column":8},"end":{"line":504,"column":null}},"77":{"start":{"line":512,"column":15},"end":{"line":512,"column":32}}},"fnMap":{"0":{"name":"(anonymous_3)","decl":{"start":{"line":271,"column":2},"end":{"line":271,"column":9}},"loc":{"start":{"line":275,"column":12},"end":{"line":292,"column":null}}},"1":{"name":"(anonymous_4)","decl":{"start":{"line":297,"column":2},"end":{"line":297,"column":9}},"loc":{"start":{"line":297,"column":61},"end":{"line":318,"column":null}}},"2":{"name":"(anonymous_5)","decl":{"start":{"line":323,"column":2},"end":{"line":323,"column":9}},"loc":{"start":{"line":323,"column":59},"end":{"line":326,"column":null}}},"3":{"name":"(anonymous_6)","decl":{"start":{"line":331,"column":2},"end":{"line":331,"column":9}},"loc":{"start":{"line":331,"column":58},"end":{"line":334,"column":null}}},"4":{"name":"(anonymous_7)","decl":{"start":{"line":339,"column":2},"end":{"line":339,"column":9}},"loc":{"start":{"line":339,"column":73},"end":{"line":360,"column":null}}},"5":{"name":"(anonymous_8)","decl":{"start":{"line":346,"column":49},"end":{"line":346,"column":54}},"loc":{"start":{"line":346,"column":54},"end":{"line":346,"column":62}}},"6":{"name":"(anonymous_9)","decl":{"start":{"line":365,"column":2},"end":{"line":365,"column":9}},"loc":{"start":{"line":368,"column":12},"end":{"line":382,"column":null}}},"7":{"name":"(anonymous_10)","decl":{"start":{"line":387,"column":2},"end":{"line":387,"column":9}},"loc":{"start":{"line":387,"column":52},"end":{"line":393,"column":null}}},"8":{"name":"(anonymous_11)","decl":{"start":{"line":390,"column":12},"end":{"line":390,"column":13}},"loc":{"start":{"line":390,"column":25},"end":{"line":390,"column":44}}},"9":{"name":"(anonymous_12)","decl":{"start":{"line":398,"column":2},"end":{"line":398,"column":9}},"loc":{"start":{"line":398,"column":72},"end":{"line":411,"column":null}}},"10":{"name":"(anonymous_13)","decl":{"start":{"line":416,"column":2},"end":{"line":416,"column":9}},"loc":{"start":{"line":416,"column":46},"end":{"line":443,"column":null}}},"11":{"name":"(anonymous_14)","decl":{"start":{"line":450,"column":2},"end":{"line":450,"column":17}},"loc":{"start":{"line":450,"column":69},"end":{"line":482,"column":null}}},"12":{"name":"(anonymous_15)","decl":{"start":{"line":455,"column":37},"end":{"line":455,"column":null}},"loc":{"start":{"line":455,"column":37},"end":{"line":457,"column":null}}},"13":{"name":"(anonymous_16)","decl":{"start":{"line":462,"column":39},"end":{"line":462,"column":null}},"loc":{"start":{"line":462,"column":39},"end":{"line":464,"column":null}}},"14":{"name":"(anonymous_17)","decl":{"start":{"line":469,"column":39},"end":{"line":469,"column":null}},"loc":{"start":{"line":469,"column":39},"end":{"line":471,"column":null}}},"15":{"name":"(anonymous_18)","decl":{"start":{"line":476,"column":44},"end":{"line":476,"column":null}},"loc":{"start":{"line":476,"column":44},"end":{"line":478,"column":null}}},"16":{"name":"(anonymous_19)","decl":{"start":{"line":487,"column":2},"end":{"line":487,"column":17}},"loc":{"start":{"line":487,"column":63},"end":{"line":509,"column":null}}}},"branchMap":{"0":{"loc":{"start":{"line":277,"column":4},"end":{"line":279,"column":null}},"type":"if","locations":[{"start":{"line":277,"column":4},"end":{"line":279,"column":null}},{"start":{},"end":{}}]},"1":{"loc":{"start":{"line":284,"column":4},"end":{"line":286,"column":null}},"type":"if","locations":[{"start":{"line":284,"column":4},"end":{"line":286,"column":null}},{"start":{},"end":{}}]},"2":{"loc":{"start":{"line":325,"column":11},"end":{"line":325,"column":null}},"type":"binary-expr","locations":[{"start":{"line":325,"column":11},"end":{"line":325,"column":37}},{"start":{"line":325,"column":37},"end":{"line":325,"column":null}}]},"3":{"loc":{"start":{"line":333,"column":11},"end":{"line":333,"column":null}},"type":"binary-expr","locations":[{"start":{"line":333,"column":11},"end":{"line":333,"column":39}},{"start":{"line":333,"column":39},"end":{"line":333,"column":null}}]},"4":{"loc":{"start":{"line":343,"column":4},"end":{"line":348,"column":null}},"type":"if","locations":[{"start":{"line":343,"column":4},"end":{"line":348,"column":null}},{"start":{},"end":{}}]},"5":{"loc":{"start":{"line":343,"column":8},"end":{"line":343,"column":55}},"type":"binary-expr","locations":[{"start":{"line":343,"column":8},"end":{"line":343,"column":27}},{"start":{"line":343,"column":27},"end":{"line":343,"column":55}}]},"6":{"loc":{"start":{"line":345,"column":6},"end":{"line":347,"column":null}},"type":"if","locations":[{"start":{"line":345,"column":6},"end":{"line":347,"column":null}},{"start":{},"end":{}}]},"7":{"loc":{"start":{"line":370,"column":4},"end":{"line":370,"column":null}},"type":"if","locations":[{"start":{"line":370,"column":4},"end":{"line":370,"column":null}},{"start":{},"end":{}}]},"8":{"loc":{"start":{"line":402,"column":4},"end":{"line":404,"column":null}},"type":"if","locations":[{"start":{"line":402,"column":4},"end":{"line":404,"column":null}},{"start":{},"end":{}}]},"9":{"loc":{"start":{"line":406,"column":4},"end":{"line":408,"column":null}},"type":"if","locations":[{"start":{"line":406,"column":4},"end":{"line":408,"column":null}},{"start":{},"end":{}}]},"10":{"loc":{"start":{"line":407,"column":13},"end":{"line":407,"column":null}},"type":"binary-expr","locations":[{"start":{"line":407,"column":13},"end":{"line":407,"column":43}},{"start":{"line":407,"column":43},"end":{"line":407,"column":null}}]},"11":{"loc":{"start":{"line":424,"column":4},"end":{"line":426,"column":null}},"type":"if","locations":[{"start":{"line":424,"column":4},"end":{"line":426,"column":null}},{"start":{},"end":{}}]},"12":{"loc":{"start":{"line":453,"column":4},"end":{"line":458,"column":null}},"type":"if","locations":[{"start":{"line":453,"column":4},"end":{"line":458,"column":null}},{"start":{},"end":{}}]},"13":{"loc":{"start":{"line":460,"column":4},"end":{"line":465,"column":null}},"type":"if","locations":[{"start":{"line":460,"column":4},"end":{"line":465,"column":null}},{"start":{},"end":{}}]},"14":{"loc":{"start":{"line":467,"column":4},"end":{"line":472,"column":null}},"type":"if","locations":[{"start":{"line":467,"column":4},"end":{"line":472,"column":null}},{"start":{},"end":{}}]},"15":{"loc":{"start":{"line":474,"column":4},"end":{"line":479,"column":null}},"type":"if","locations":[{"start":{"line":474,"column":4},"end":{"line":479,"column":null}},{"start":{},"end":{}}]},"16":{"loc":{"start":{"line":477,"column":38},"end":{"line":477,"column":55}},"type":"binary-expr","locations":[{"start":{"line":477,"column":38},"end":{"line":477,"column":47}},{"start":{"line":477,"column":51},"end":{"line":477,"column":55}}]},"17":{"loc":{"start":{"line":492,"column":6},"end":{"line":494,"column":null}},"type":"if","locations":[{"start":{"line":492,"column":6},"end":{"line":494,"column":null}},{"start":{},"end":{}}]},"18":{"loc":{"start":{"line":492,"column":10},"end":{"line":492,"column":68}},"type":"binary-expr","locations":[{"start":{"line":492,"column":10},"end":{"line":492,"column":21}},{"start":{"line":492,"column":25},"end":{"line":492,"column":68}}]},"19":{"loc":{"start":{"line":497,"column":6},"end":{"line":499,"column":null}},"type":"if","locations":[{"start":{"line":497,"column":6},"end":{"line":499,"column":null}},{"start":{},"end":{}}]},"20":{"loc":{"start":{"line":497,"column":10},"end":{"line":497,"column":74}},"type":"binary-expr","locations":[{"start":{"line":497,"column":10},"end":{"line":497,"column":40}},{"start":{"line":497,"column":40},"end":{"line":497,"column":74}}]},"21":{"loc":{"start":{"line":502,"column":6},"end":{"line":505,"column":null}},"type":"if","locations":[{"start":{"line":502,"column":6},"end":{"line":505,"column":null}},{"start":{},"end":{}}]},"22":{"loc":{"start":{"line":502,"column":10},"end":{"line":503,"column":60}},"type":"binary-expr","locations":[{"start":{"line":502,"column":10},"end":{"line":502,"column":null}},{"start":{"line":503,"column":11},"end":{"line":503,"column":36}},{"start":{"line":503,"column":36},"end":{"line":503,"column":60}}]}},"s":{"0":0,"1":0,"2":0,"3":0,"4":0,"5":0,"6":0,"7":0,"8":0,"9":0,"10":0,"11":0,"12":0,"13":0,"14":0,"15":0,"16":0,"17":0,"18":0,"19":0,"20":0,"21":0,"22":0,"23":0,"24":0,"25":0,"26":0,"27":0,"28":0,"29":0,"30":0,"31":0,"32":0,"33":0,"34":0,"35":0,"36":0,"37":0,"38":0,"39":0,"40":0,"41":0,"42":0,"43":0,"44":0,"45":0,"46":0,"47":0,"48":0,"49":0,"50":0,"51":0,"52":0,"53":0,"54":0,"55":0,"56":0,"57":0,"58":0,"59":0,"60":0,"61":0,"62":0,"63":0,"64":0,"65":0,"66":0,"67":0,"68":0,"69":0,"70":0,"71":0,"72":0,"73":0,"74":0,"75":0,"76":0,"77":0},"f":{"0":0,"1":0,"2":0,"3":0,"4":0,"5":0,"6":0,"7":0,"8":0,"9":0,"10":0,"11":0,"12":0,"13":0,"14":0,"15":0,"16":0},"b":{"0":[0,0],"1":[0,0],"2":[0,0],"3":[0,0],"4":[0,0],"5":[0,0],"6":[0,0],"7":[0,0],"8":[0,0],"9":[0,0],"10":[0,0],"11":[0,0],"12":[0,0],"13":[0,0],"14":[0,0],"15":[0,0],"16":[0,0],"17":[0,0],"18":[0,0],"19":[0,0],"20":[0,0],"21":[0,0],"22":[0,0,0]}}
,"/home/yejh0725/law-education-platform/lib/legal-intelligence/provision-mapper.ts": {"path":"/home/yejh0725/law-education-platform/lib/legal-intelligence/provision-mapper.ts","statementMap":{"0":{"start":{"line":17,"column":13},"end":{"line":17,"column":28}},"1":{"start":{"line":424,"column":0},"end":{"line":424,"column":15}},"2":{"start":{"line":12,"column":27},"end":{"line":12,"column":null}},"3":{"start":{"line":18,"column":17},"end":{"line":18,"column":null}},"4":{"start":{"line":19,"column":17},"end":{"line":19,"column":null}},"5":{"start":{"line":25,"column":20},"end":{"line":25,"column":87}},"6":{"start":{"line":27,"column":4},"end":{"line":34,"column":null}},"7":{"start":{"line":29,"column":25},"end":{"line":29,"column":null}},"8":{"start":{"line":30,"column":6},"end":{"line":32,"column":null}},"9":{"start":{"line":31,"column":8},"end":{"line":31,"column":null}},"10":{"start":{"line":33,"column":6},"end":{"line":33,"column":null}},"11":{"start":{"line":36,"column":41},"end":{"line":36,"column":43}},"12":{"start":{"line":39,"column":4},"end":{"line":59,"column":null}},"13":{"start":{"line":40,"column":18},"end":{"line":40,"column":null}},"14":{"start":{"line":40,"column":44},"end":{"line":40,"column":null}},"15":{"start":{"line":41,"column":6},"end":{"line":41,"column":null}},"16":{"start":{"line":41,"column":16},"end":{"line":41,"column":null}},"17":{"start":{"line":44,"column":6},"end":{"line":58,"column":null}},"18":{"start":{"line":45,"column":24},"end":{"line":45,"column":null}},"19":{"start":{"line":45,"column":47},"end":{"line":45,"column":null}},"20":{"start":{"line":46,"column":8},"end":{"line":46,"column":null}},"21":{"start":{"line":46,"column":22},"end":{"line":46,"column":null}},"22":{"start":{"line":48,"column":8},"end":{"line":57,"column":null}},"23":{"start":{"line":62,"column":4},"end":{"line":62,"column":null}},"24":{"start":{"line":62,"column":37},"end":{"line":62,"column":62}},"25":{"start":{"line":69,"column":60},"end":{"line":69,"column":null}},"26":{"start":{"line":70,"column":47},"end":{"line":70,"column":null}},"27":{"start":{"line":73,"column":4},"end":{"line":113,"column":null}},"28":{"start":{"line":74,"column":23},"end":{"line":74,"column":null}},"29":{"start":{"line":77,"column":6},"end":{"line":112,"column":null}},"30":{"start":{"line":78,"column":8},"end":{"line":111,"column":null}},"31":{"start":{"line":79,"column":22},"end":{"line":79,"column":null}},"32":{"start":{"line":82,"column":10},"end":{"line":89,"column":null}},"33":{"start":{"line":83,"column":12},"end":{"line":85,"column":null}},"34":{"start":{"line":86,"column":12},"end":{"line":88,"column":null}},"35":{"start":{"line":92,"column":10},"end":{"line":110,"column":null}},"36":{"start":{"line":93,"column":24},"end":{"line":93,"column":56}},"37":{"start":{"line":94,"column":34},"end":{"line":94,"column":null}},"38":{"start":{"line":96,"column":12},"end":{"line":109,"column":null}},"39":{"start":{"line":97,"column":14},"end":{"line":97,"column":null}},"40":{"start":{"line":99,"column":14},"end":{"line":108,"column":null}},"41":{"start":{"line":117,"column":22},"end":{"line":117,"column":47}},"42":{"start":{"line":125,"column":36},"end":{"line":125,"column":null}},"43":{"start":{"line":128,"column":21},"end":{"line":128,"column":null}},"44":{"start":{"line":129,"column":27},"end":{"line":129,"column":null}},"45":{"start":{"line":131,"column":4},"end":{"line":133,"column":null}},"46":{"start":{"line":132,"column":6},"end":{"line":132,"column":null}},"47":{"start":{"line":136,"column":4},"end":{"line":140,"column":null}},"48":{"start":{"line":137,"column":6},"end":{"line":139,"column":null}},"49":{"start":{"line":138,"column":8},"end":{"line":138,"column":null}},"50":{"start":{"line":142,"column":4},"end":{"line":142,"column":null}},"51":{"start":{"line":149,"column":4},"end":{"line":172,"column":null}},"52":{"start":{"line":151,"column":18},"end":{"line":152,"column":null}},"53":{"start":{"line":152,"column":8},"end":{"line":152,"column":null}},"54":{"start":{"line":155,"column":6},"end":{"line":155,"column":null}},"55":{"start":{"line":155,"column":16},"end":{"line":155,"column":null}},"56":{"start":{"line":157,"column":22},"end":{"line":159,"column":null}},"57":{"start":{"line":158,"column":8},"end":{"line":159,"column":null}},"58":{"start":{"line":162,"column":6},"end":{"line":162,"column":null}},"59":{"start":{"line":162,"column":20},"end":{"line":162,"column":null}},"60":{"start":{"line":165,"column":6},"end":{"line":171,"column":null}},"61":{"start":{"line":182,"column":16},"end":{"line":182,"column":35}},"62":{"start":{"line":185,"column":4},"end":{"line":190,"column":null}},"63":{"start":{"line":186,"column":27},"end":{"line":187,"column":null}},"64":{"start":{"line":187,"column":8},"end":{"line":187,"column":null}},"65":{"start":{"line":189,"column":6},"end":{"line":189,"column":null}},"66":{"start":{"line":189,"column":24},"end":{"line":189,"column":null}},"67":{"start":{"line":193,"column":4},"end":{"line":198,"column":null}},"68":{"start":{"line":194,"column":29},"end":{"line":195,"column":null}},"69":{"start":{"line":195,"column":8},"end":{"line":195,"column":null}},"70":{"start":{"line":197,"column":6},"end":{"line":197,"column":null}},"71":{"start":{"line":197,"column":26},"end":{"line":197,"column":null}},"72":{"start":{"line":201,"column":4},"end":{"line":206,"column":null}},"73":{"start":{"line":202,"column":30},"end":{"line":203,"column":null}},"74":{"start":{"line":203,"column":8},"end":{"line":203,"column":null}},"75":{"start":{"line":205,"column":6},"end":{"line":205,"column":null}},"76":{"start":{"line":205,"column":27},"end":{"line":205,"column":null}},"77":{"start":{"line":208,"column":4},"end":{"line":208,"column":null}},"78":{"start":{"line":218,"column":34},"end":{"line":218,"column":36}},"79":{"start":{"line":220,"column":4},"end":{"line":232,"column":null}},"80":{"start":{"line":221,"column":28},"end":{"line":221,"column":null}},"81":{"start":{"line":223,"column":6},"end":{"line":231,"column":null}},"82":{"start":{"line":224,"column":8},"end":{"line":225,"column":null}},"83":{"start":{"line":227,"column":13},"end":{"line":231,"column":null}},"84":{"start":{"line":228,"column":8},"end":{"line":229,"column":null}},"85":{"start":{"line":234,"column":4},"end":{"line":234,"column":null}},"86":{"start":{"line":243,"column":22},"end":{"line":243,"column":null}},"87":{"start":{"line":245,"column":4},"end":{"line":258,"column":null}},"88":{"start":{"line":247,"column":6},"end":{"line":249,"column":null}},"89":{"start":{"line":248,"column":8},"end":{"line":248,"column":null}},"90":{"start":{"line":252,"column":23},"end":{"line":252,"column":null}},"91":{"start":{"line":253,"column":6},"end":{"line":257,"column":null}},"92":{"start":{"line":254,"column":8},"end":{"line":256,"column":null}},"93":{"start":{"line":255,"column":10},"end":{"line":255,"column":null}},"94":{"start":{"line":260,"column":4},"end":{"line":260,"column":null}},"95":{"start":{"line":268,"column":4},"end":{"line":275,"column":null}},"96":{"start":{"line":282,"column":31},"end":{"line":282,"column":33}},"97":{"start":{"line":285,"column":26},"end":{"line":289,"column":null}},"98":{"start":{"line":291,"column":4},"end":{"line":295,"column":null}},"99":{"start":{"line":292,"column":6},"end":{"line":294,"column":null}},"100":{"start":{"line":293,"column":8},"end":{"line":293,"column":null}},"101":{"start":{"line":297,"column":4},"end":{"line":297,"column":null}},"102":{"start":{"line":305,"column":20},"end":{"line":306,"column":null}},"103":{"start":{"line":306,"column":6},"end":{"line":306,"column":null}},"104":{"start":{"line":308,"column":4},"end":{"line":308,"column":null}},"105":{"start":{"line":308,"column":17},"end":{"line":308,"column":null}},"106":{"start":{"line":311,"column":21},"end":{"line":312,"column":null}},"107":{"start":{"line":312,"column":6},"end":{"line":312,"column":null}},"108":{"start":{"line":314,"column":4},"end":{"line":314,"column":null}},"109":{"start":{"line":314,"column":18},"end":{"line":314,"column":null}},"110":{"start":{"line":317,"column":24},"end":{"line":318,"column":null}},"111":{"start":{"line":318,"column":6},"end":{"line":318,"column":null}},"112":{"start":{"line":320,"column":4},"end":{"line":320,"column":null}},"113":{"start":{"line":320,"column":21},"end":{"line":320,"column":null}},"114":{"start":{"line":322,"column":4},"end":{"line":322,"column":null}},"115":{"start":{"line":329,"column":16},"end":{"line":329,"column":null}},"116":{"start":{"line":330,"column":4},"end":{"line":330,"column":null}},"117":{"start":{"line":337,"column":4},"end":{"line":337,"column":null}},"118":{"start":{"line":337,"column":26},"end":{"line":337,"column":null}},"119":{"start":{"line":338,"column":4},"end":{"line":338,"column":null}},"120":{"start":{"line":338,"column":26},"end":{"line":338,"column":null}},"121":{"start":{"line":339,"column":4},"end":{"line":339,"column":null}},"122":{"start":{"line":347,"column":4},"end":{"line":347,"column":null}},"123":{"start":{"line":354,"column":21},"end":{"line":354,"column":null}},"124":{"start":{"line":355,"column":4},"end":{"line":355,"column":null}},"125":{"start":{"line":362,"column":19},"end":{"line":362,"column":null}},"126":{"start":{"line":364,"column":4},"end":{"line":366,"column":null}},"127":{"start":{"line":365,"column":6},"end":{"line":365,"column":null}},"128":{"start":{"line":368,"column":4},"end":{"line":368,"column":null}},"129":{"start":{"line":375,"column":38},"end":{"line":375,"column":40}},"130":{"start":{"line":377,"column":4},"end":{"line":396,"column":null}},"131":{"start":{"line":378,"column":6},"end":{"line":395,"column":null}},"132":{"start":{"line":379,"column":8},"end":{"line":394,"column":null}},"133":{"start":{"line":381,"column":35},"end":{"line":381,"column":null}},"134":{"start":{"line":384,"column":10},"end":{"line":393,"column":null}},"135":{"start":{"line":398,"column":4},"end":{"line":398,"column":null}},"136":{"start":{"line":405,"column":16},"end":{"line":405,"column":null}},"137":{"start":{"line":405,"column":42},"end":{"line":405,"column":null}},"138":{"start":{"line":406,"column":4},"end":{"line":406,"column":null}},"139":{"start":{"line":406,"column":14},"end":{"line":406,"column":null}},"140":{"start":{"line":408,"column":20},"end":{"line":408,"column":null}},"141":{"start":{"line":408,"column":43},"end":{"line":408,"column":null}},"142":{"start":{"line":409,"column":4},"end":{"line":409,"column":null}},"143":{"start":{"line":409,"column":18},"end":{"line":409,"column":null}},"144":{"start":{"line":411,"column":4},"end":{"line":420,"column":null}},"145":{"start":{"line":424,"column":15},"end":{"line":424,"column":30}}},"fnMap":{"0":{"name":"(anonymous_4)","decl":{"start":{"line":24,"column":2},"end":{"line":24,"column":9}},"loc":{"start":{"line":24,"column":69},"end":{"line":63,"column":null}}},"1":{"name":"(anonymous_5)","decl":{"start":{"line":40,"column":39},"end":{"line":40,"column":44}},"loc":{"start":{"line":40,"column":44},"end":{"line":40,"column":null}}},"2":{"name":"(anonymous_6)","decl":{"start":{"line":45,"column":42},"end":{"line":45,"column":47}},"loc":{"start":{"line":45,"column":47},"end":{"line":45,"column":null}}},"3":{"name":"(anonymous_7)","decl":{"start":{"line":62,"column":27},"end":{"line":62,"column":28}},"loc":{"start":{"line":62,"column":37},"end":{"line":62,"column":62}}},"4":{"name":"(anonymous_8)","decl":{"start":{"line":68,"column":2},"end":{"line":68,"column":9}},"loc":{"start":{"line":68,"column":65},"end":{"line":119,"column":null}}},"5":{"name":"(anonymous_9)","decl":{"start":{"line":117,"column":12},"end":{"line":117,"column":13}},"loc":{"start":{"line":117,"column":22},"end":{"line":117,"column":47}}},"6":{"name":"(anonymous_10)","decl":{"start":{"line":124,"column":2},"end":{"line":124,"column":9}},"loc":{"start":{"line":124,"column":68},"end":{"line":143,"column":null}}},"7":{"name":"(anonymous_11)","decl":{"start":{"line":148,"column":2},"end":{"line":148,"column":9}},"loc":{"start":{"line":148,"column":68},"end":{"line":173,"column":null}}},"8":{"name":"(anonymous_12)","decl":{"start":{"line":149,"column":23},"end":{"line":149,"column":null}},"loc":{"start":{"line":149,"column":23},"end":{"line":172,"column":null}}},"9":{"name":"(anonymous_13)","decl":{"start":{"line":151,"column":39},"end":{"line":151,"column":null}},"loc":{"start":{"line":152,"column":8},"end":{"line":152,"column":null}}},"10":{"name":"(anonymous_14)","decl":{"start":{"line":157,"column":40},"end":{"line":157,"column":null}},"loc":{"start":{"line":158,"column":8},"end":{"line":159,"column":null}}},"11":{"name":"(anonymous_15)","decl":{"start":{"line":178,"column":2},"end":{"line":178,"column":9}},"loc":{"start":{"line":181,"column":12},"end":{"line":209,"column":null}}},"12":{"name":"(anonymous_16)","decl":{"start":{"line":186,"column":52},"end":{"line":186,"column":null}},"loc":{"start":{"line":187,"column":8},"end":{"line":187,"column":null}}},"13":{"name":"(anonymous_17)","decl":{"start":{"line":194,"column":56},"end":{"line":194,"column":null}},"loc":{"start":{"line":195,"column":8},"end":{"line":195,"column":null}}},"14":{"name":"(anonymous_18)","decl":{"start":{"line":202,"column":55},"end":{"line":202,"column":null}},"loc":{"start":{"line":203,"column":8},"end":{"line":203,"column":null}}},"15":{"name":"(anonymous_19)","decl":{"start":{"line":214,"column":2},"end":{"line":214,"column":9}},"loc":{"start":{"line":217,"column":14},"end":{"line":235,"column":null}}},"16":{"name":"(anonymous_20)","decl":{"start":{"line":242,"column":2},"end":{"line":242,"column":17}},"loc":{"start":{"line":242,"column":70},"end":{"line":261,"column":null}}},"17":{"name":"(anonymous_21)","decl":{"start":{"line":266,"column":2},"end":{"line":266,"column":17}},"loc":{"start":{"line":266,"column":82},"end":{"line":276,"column":null}}},"18":{"name":"(anonymous_22)","decl":{"start":{"line":281,"column":2},"end":{"line":281,"column":17}},"loc":{"start":{"line":281,"column":57},"end":{"line":298,"column":null}}},"19":{"name":"(anonymous_23)","decl":{"start":{"line":303,"column":2},"end":{"line":303,"column":17}},"loc":{"start":{"line":303,"column":65},"end":{"line":323,"column":null}}},"20":{"name":"(anonymous_24)","decl":{"start":{"line":305,"column":42},"end":{"line":305,"column":null}},"loc":{"start":{"line":306,"column":6},"end":{"line":306,"column":null}}},"21":{"name":"(anonymous_25)","decl":{"start":{"line":311,"column":41},"end":{"line":311,"column":null}},"loc":{"start":{"line":312,"column":6},"end":{"line":312,"column":null}}},"22":{"name":"(anonymous_26)","decl":{"start":{"line":317,"column":51},"end":{"line":317,"column":null}},"loc":{"start":{"line":318,"column":6},"end":{"line":318,"column":null}}},"23":{"name":"(anonymous_27)","decl":{"start":{"line":328,"column":2},"end":{"line":328,"column":17}},"loc":{"start":{"line":328,"column":62},"end":{"line":331,"column":null}}},"24":{"name":"(anonymous_28)","decl":{"start":{"line":336,"column":2},"end":{"line":336,"column":17}},"loc":{"start":{"line":336,"column":80},"end":{"line":340,"column":null}}},"25":{"name":"(anonymous_29)","decl":{"start":{"line":345,"column":2},"end":{"line":345,"column":17}},"loc":{"start":{"line":345,"column":81},"end":{"line":348,"column":null}}},"26":{"name":"(anonymous_30)","decl":{"start":{"line":353,"column":2},"end":{"line":353,"column":17}},"loc":{"start":{"line":353,"column":71},"end":{"line":356,"column":null}}},"27":{"name":"(anonymous_31)","decl":{"start":{"line":361,"column":2},"end":{"line":361,"column":9}},"loc":{"start":{"line":361,"column":80},"end":{"line":369,"column":null}}},"28":{"name":"(anonymous_32)","decl":{"start":{"line":374,"column":2},"end":{"line":374,"column":9}},"loc":{"start":{"line":374,"column":59},"end":{"line":399,"column":null}}},"29":{"name":"(anonymous_33)","decl":{"start":{"line":381,"column":28},"end":{"line":381,"column":35}},"loc":{"start":{"line":381,"column":35},"end":{"line":381,"column":null}}},"30":{"name":"(anonymous_34)","decl":{"start":{"line":404,"column":2},"end":{"line":404,"column":9}},"loc":{"start":{"line":404,"column":91},"end":{"line":421,"column":null}}},"31":{"name":"(anonymous_35)","decl":{"start":{"line":405,"column":37},"end":{"line":405,"column":42}},"loc":{"start":{"line":405,"column":42},"end":{"line":405,"column":null}}},"32":{"name":"(anonymous_36)","decl":{"start":{"line":408,"column":38},"end":{"line":408,"column":43}},"loc":{"start":{"line":408,"column":43},"end":{"line":408,"column":null}}}},"branchMap":{"0":{"loc":{"start":{"line":27,"column":4},"end":{"line":34,"column":null}},"type":"if","locations":[{"start":{"line":27,"column":4},"end":{"line":34,"column":null}},{"start":{},"end":{}}]},"1":{"loc":{"start":{"line":30,"column":6},"end":{"line":32,"column":null}},"type":"if","locations":[{"start":{"line":30,"column":6},"end":{"line":32,"column":null}},{"start":{},"end":{}}]},"2":{"loc":{"start":{"line":41,"column":6},"end":{"line":41,"column":null}},"type":"if","locations":[{"start":{"line":41,"column":6},"end":{"line":41,"column":null}},{"start":{},"end":{}}]},"3":{"loc":{"start":{"line":46,"column":8},"end":{"line":46,"column":null}},"type":"if","locations":[{"start":{"line":46,"column":8},"end":{"line":46,"column":null}},{"start":{},"end":{}}]},"4":{"loc":{"start":{"line":83,"column":12},"end":{"line":85,"column":null}},"type":"if","locations":[{"start":{"line":83,"column":12},"end":{"line":85,"column":null}},{"start":{},"end":{}}]},"5":{"loc":{"start":{"line":86,"column":12},"end":{"line":88,"column":null}},"type":"if","locations":[{"start":{"line":86,"column":12},"end":{"line":88,"column":null}},{"start":{},"end":{}}]},"6":{"loc":{"start":{"line":92,"column":10},"end":{"line":110,"column":null}},"type":"if","locations":[{"start":{"line":92,"column":10},"end":{"line":110,"column":null}},{"start":{},"end":{}}]},"7":{"loc":{"start":{"line":94,"column":34},"end":{"line":94,"column":null}},"type":"binary-expr","locations":[{"start":{"line":94,"column":34},"end":{"line":94,"column":60}},{"start":{"line":94,"column":60},"end":{"line":94,"column":null}}]},"8":{"loc":{"start":{"line":96,"column":12},"end":{"line":109,"column":null}},"type":"if","locations":[{"start":{"line":96,"column":12},"end":{"line":109,"column":null}},{"start":{},"end":{}}]},"9":{"loc":{"start":{"line":137,"column":6},"end":{"line":139,"column":null}},"type":"if","locations":[{"start":{"line":137,"column":6},"end":{"line":139,"column":null}},{"start":{},"end":{}}]},"10":{"loc":{"start":{"line":137,"column":10},"end":{"line":137,"column":41}},"type":"binary-expr","locations":[{"start":{"line":137,"column":10},"end":{"line":137,"column":23}},{"start":{"line":137,"column":27},"end":{"line":137,"column":41}}]},"11":{"loc":{"start":{"line":152,"column":8},"end":{"line":152,"column":null}},"type":"binary-expr","locations":[{"start":{"line":152,"column":8},"end":{"line":152,"column":43}},{"start":{"line":152,"column":43},"end":{"line":152,"column":null}}]},"12":{"loc":{"start":{"line":155,"column":6},"end":{"line":155,"column":null}},"type":"if","locations":[{"start":{"line":155,"column":6},"end":{"line":155,"column":null}},{"start":{},"end":{}}]},"13":{"loc":{"start":{"line":158,"column":8},"end":
[...]
{"line":549,"column":51},"end":{"line":549,"column":null}}},"18":{"name":"(anonymous_21)","decl":{"start":{"line":550,"column":11},"end":{"line":550,"column":19}},"loc":{"start":{"line":550,"column":19},"end":{"line":550,"column":null}}},"19":{"name":"(anonymous_22)","decl":{"start":{"line":556,"column":2},"end":{"line":556,"column":17}},"loc":{"start":{"line":559,"column":29},"end":{"line":571,"column":null}}},"20":{"name":"(anonymous_23)","decl":{"start":{"line":576,"column":2},"end":{"line":576,"column":17}},"loc":{"start":{"line":579,"column":13},"end":{"line":591,"column":null}}},"21":{"name":"(anonymous_24)","decl":{"start":{"line":596,"column":2},"end":{"line":596,"column":17}},"loc":{"start":{"line":596,"column":79},"end":{"line":605,"column":null}}},"22":{"name":"(anonymous_25)","decl":{"start":{"line":601,"column":50},"end":{"line":601,"column":55}},"loc":{"start":{"line":601,"column":55},"end":{"line":601,"column":null}}},"23":{"name":"(anonymous_26)","decl":{"start":{"line":610,"column":2},"end":{"line":610,"column":9}},"loc":{"start":{"line":610,"column":63},"end":{"line":625,"column":null}}}},"branchMap":{"0":{"loc":{"start":{"line":45,"column":4},"end":{"line":45,"column":37}},"type":"default-arg","locations":[{"start":{"line":45,"column":35},"end":{"line":45,"column":37}}]},"1":{"loc":{"start":{"line":110,"column":17},"end":{"line":110,"column":null}},"type":"cond-expr","locations":[{"start":{"line":110,"column":40},"end":{"line":110,"column":52}},{"start":{"line":110,"column":52},"end":{"line":110,"column":null}}]},"2":{"loc":{"start":{"line":111,"column":19},"end":{"line":111,"column":null}},"type":"cond-expr","locations":[{"start":{"line":111,"column":44},"end":{"line":111,"column":58}},{"start":{"line":111,"column":58},"end":{"line":111,"column":null}}]},"3":{"loc":{"start":{"line":136,"column":13},"end":{"line":136,"column":65}},"type":"binary-expr","locations":[{"start":{"line":136,"column":13},"end":{"line":136,"column":37}},{"start":{"line":136,"column":41},"end":{"line":136,"column":65}}]},"4":{"loc":{"start":{"line":139,"column":6},"end":{"line":155,"column":null}},"type":"if","locations":[{"start":{"line":139,"column":6},"end":{"line":155,"column":null}},{"start":{"line":149,"column":13},"end":{"line":155,"column":null}}]},"5":{"loc":{"start":{"line":161,"column":6},"end":{"line":169,"column":null}},"type":"if","locations":[{"start":{"line":161,"column":6},"end":{"line":169,"column":null}},{"start":{},"end":{}}]},"6":{"loc":{"start":{"line":163,"column":8},"end":{"line":168,"column":null}},"type":"if","locations":[{"start":{"line":163,"column":8},"end":{"line":168,"column":null}},{"start":{},"end":{}}]},"7":{"loc":{"start":{"line":191,"column":4},"end":{"line":215,"column":null}},"type":"if","locations":[{"start":{"line":191,"column":4},"end":{"line":215,"column":null}},{"start":{},"end":{}}]},"8":{"loc":{"start":{"line":203,"column":8},"end":{"line":203,"column":null}},"type":"binary-expr","locations":[{"start":{"line":203,"column":8},"end":{"line":203,"column":27}},{"start":{"line":203,"column":31},"end":{"line":203,"column":null}}]},"9":{"loc":{"start":{"line":204,"column":8},"end":{"line":204,"column":null}},"type":"binary-expr","locations":[{"start":{"line":204,"column":8},"end":{"line":204,"column":25}},{"start":{"line":204,"column":29},"end":{"line":204,"column":null}}]},"10":{"loc":{"start":{"line":211,"column":16},"end":{"line":211,"column":null}},"type":"cond-expr","locations":[{"start":{"line":211,"column":50},"end":{"line":211,"column":59}},{"start":{"line":211,"column":59},"end":{"line":211,"column":null}}]},"11":{"loc":{"start":{"line":212,"column":29},"end":{"line":212,"column":55}},"type":"binary-expr","locations":[{"start":{"line":212,"column":29},"end":{"line":212,"column":48}},{"start":{"line":212,"column":52},"end":{"line":212,"column":55}}]},"12":{"loc":{"start":{"line":212,"column":55},"end":{"line":212,"column":null}},"type":"binary-expr","locations":[{"start":{"line":212,"column":55},"end":{"line":212,"column":72}},{"start":{"line":212,"column":76},"end":{"line":212,"column":null}}]},"13":{"loc":{"start":{"line":219,"column":6},"end":{"line":219,"column":null}},"type":"binary-expr","locations":[{"start":{"line":219,"column":6},"end":{"line":219,"column":25}},{"start":{"line":219,"column":29},"end":{"line":219,"column":null}}]},"14":{"loc":{"start":{"line":220,"column":6},"end":{"line":220,"column":null}},"type":"binary-expr","locations":[{"start":{"line":220,"column":6},"end":{"line":220,"column":23}},{"start":{"line":220,"column":27},"end":{"line":220,"column":null}}]},"15":{"loc":{"start":{"line":226,"column":19},"end":{"line":227,"column":31}},"type":"binary-expr","locations":[{"start":{"line":226,"column":19},"end":{"line":226,"column":null}},{"start":{"line":227,"column":11},"end":{"line":227,"column":31}}]},"16":{"loc":{"start":{"line":228,"column":18},"end":{"line":228,"column":58}},"type":"binary-expr","locations":[{"start":{"line":228,"column":18},"end":{"line":228,"column":35}},{"start":{"line":228,"column":39},"end":{"line":228,"column":58}}]},"17":{"loc":{"start":{"line":230,"column":8},"end":{"line":230,"column":37}},"type":"binary-expr","locations":[{"start":{"line":230,"column":8},"end":{"line":230,"column":31}},{"start":{"line":230,"column":35},"end":{"line":230,"column":37}}]},"18":{"loc":{"start":{"line":231,"column":8},"end":{"line":231,"column":35}},"type":"binary-expr","locations":[{"start":{"line":231,"column":8},"end":{"line":231,"column":29}},{"start":{"line":231,"column":33},"end":{"line":231,"column":35}}]},"19":{"loc":{"start":{"line":253,"column":6},"end":{"line":262,"column":null}},"type":"if","locations":[{"start":{"line":253,"column":6},"end":{"line":262,"column":null}},{"start":{"line":260,"column":13},"end":{"line":262,"column":null}}]},"20":{"loc":{"start":{"line":257,"column":36},"end":{"line":257,"column":58}},"type":"binary-expr","locations":[{"start":{"line":257,"column":36},"end":{"line":257,"column":52}},{"start":{"line":257,"column":56},"end":{"line":257,"column":58}}]},"21":{"loc":{"start":{"line":257,"column":60},"end":{"line":257,"column":79}},"type":"binary-expr","locations":[{"start":{"line":257,"column":60},"end":{"line":257,"column":73}},{"start":{"line":257,"column":77},"end":{"line":257,"column":79}}]},"22":{"loc":{"start":{"line":258,"column":31},"end":{"line":258,"column":57}},"type":"binary-expr","locations":[{"start":{"line":258,"column":31},"end":{"line":258,"column":50}},{"start":{"line":258,"column":54},"end":{"line":258,"column":57}}]},"23":{"loc":{"start":{"line":258,"column":57},"end":{"line":258,"column":null}},"type":"binary-expr","locations":[{"start":{"line":258,"column":57},"end":{"line":258,"column":73}},{"start":{"line":258,"column":77},"end":{"line":258,"column":null}}]},"24":{"loc":{"start":{"line":268,"column":6},"end":{"line":297,"column":null}},"type":"if","locations":[{"start":{"line":268,"column":6},"end":{"line":297,"column":null}},{"start":{"line":295,"column":13},"end":{"line":297,"column":null}}]},"25":{"loc":{"start":{"line":270,"column":8},"end":{"line":282,"column":null}},"type":"if","locations":[{"start":{"line":270,"column":8},"end":{"line":282,"column":null}},{"start":{},"end":{}}]},"26":{"loc":{"start":{"line":279,"column":10},"end":{"line":281,"column":null}},"type":"if","locations":[{"start":{"line":279,"column":10},"end":{"line":281,"column":null}},{"start":{},"end":{}}]},"27":{"loc":{"start":{"line":279,"column":15},"end":{"line":279,"column":41}},"type":"binary-expr","locations":[{"start":{"line":279,"column":15},"end":{"line":279,"column":31}},{"start":{"line":279,"column":35},"end":{"line":279,"column":41}}]},"28":{"loc":{"start":{"line":279,"column":41},"end":{"line":279,"column":68}},"type":"binary-expr","locations":[{"start":{"line":279,"column":41},"end":{"line":279,"column":60}},{"start":{"line":279,"column":64},"end":{"line":279,"column":68}}]},"29":{"loc":{"start":{"line":287,"column":16},"end":{"line":287,"column":43}},"type":"binary-expr","locations":[{"start":{"line":287,"column":16},"end":{"line":287,"column":26}},{"start":{"line":287,"column":30},"end":{"line":287,"column":43}}]},"30":{"loc":{"start":{"line":288,"column":31},"end":{"line":288,"column":88}},"type":"binary-expr","locations":[{"start":{"line":288,"column":31},"end":{"line":288,"column":56}},{"start":{"line":288,"column":60},"end":{"line":288,"column":88}}]},"31":{"loc":{"start":{"line":290,"column":12},"end":{"line":290,"column":null}},"type":"binary-expr","locations":[{"start":{"line":290,"column":12},"end":{"line":290,"column":31}},{"start":{"line":290,"column":35},"end":{"line":290,"column":null}}]},"32":{"loc":{"start":{"line":291,"column":12},"end":{"line":291,"column":null}},"type":"binary-expr","locations":[{"start":{"line":291,"column":12},"end":{"line":291,"column":28}},{"start":{"line":291,"column":32},"end":{"line":291,"column":null}}]},"33":{"loc":{"start":{"line":295,"column":13},"end":{"line":297,"column":null}},"type":"if","locations":[{"start":{"line":295,"column":13},"end":{"line":297,"column":null}},{"start":{},"end":{}}]},"34":{"loc":{"start":{"line":324,"column":13},"end":{"line":324,"column":86}},"type":"binary-expr","locations":[{"start":{"line":324,"column":13},"end":{"line":324,"column":60}},{"start":{"line":324,"column":60},"end":{"line":324,"column":86}}]},"35":{"loc":{"start":{"line":327,"column":6},"end":{"line":342,"column":null}},"type":"if","locations":[{"start":{"line":327,"column":6},"end":{"line":342,"column":null}},{"start":{"line":340,"column":13},"end":{"line":342,"column":null}}]},"36":{"loc":{"start":{"line":331,"column":23},"end":{"line":331,"column":68}},"type":"binary-expr","locations":[{"start":{"line":331,"column":23},"end":{"line":331,"column":42}},{"start":{"line":331,"column":46},"end":{"line":331,"column":68}}]},"37":{"loc":{"start":{"line":332,"column":23},"end":{"line":332,"column":68}},"type":"binary-expr","locations":[{"start":{"line":332,"column":23},"end":{"line":332,"column":42}},{"start":{"line":332,"column":46},"end":{"line":332,"column":68}}]},"38":{"loc":{"start":{"line":333,"column":23},"end":{"line":333,"column":68}},"type":"binary-expr","locations":[{"start":{"line":333,"column":23},"end":{"line":333,"column":42}},{"start":{"line":333,"column":46},"end":{"line":333,"column":68}}]},"39":{"loc":{"start":{"line":335,"column":12},"end":{"line":335,"column":null}},"type":"binary-expr","locations":[{"start":{"line":335,"column":12},"end":{"line":335,"column":33}},{"start":{"line":335,"column":37},"end":{"line":335,"column":null}}]},"40":{"loc":{"start":{"line":336,"column":12},"end":{"line":336,"column":null}},"type":"binary-expr","locations":[{"start":{"line":336,"column":12},"end":{"line":336,"column":30}},{"start":{"line":336,"column":34},"end":{"line":336,"column":null}}]},"41":{"loc":{"start":{"line":348,"column":6},"end":{"line":350,"column":null}},"type":"if","locations":[{"start":{"line":348,"column":6},"end":{"line":350,"column":null}},{"start":{},"end":{}}]},"42":{"loc":{"start":{"line":348,"column":10},"end":{"line":348,"column":83}},"type":"binary-expr","locations":[{"start":{"line":348,"column":10},"end":{"line":348,"column":33}},{"start":{"line":348,"column":33},"end":{"line":348,"column":83}}]},"43":{"loc":{"start":{"line":372,"column":38},"end":{"line":372,"column":67}},"type":"binary-expr","locations":[{"start":{"line":372,"column":38},"end":{"line":372,"column":52}},{"start":{"line":372,"column":56},"end":{"line":372,"column":67}}]},"44":{"loc":{"start":{"line":378,"column":38},"end":{"line":378,"column":67}},"type":"binary-expr","locations":[{"start":{"line":378,"column":38},"end":{"line":378,"column":52}},{"start":{"line":378,"column":56},"end":{"line":378,"column":67}}]},"45":{"loc":{"start":{"line":381,"column":6},"end":{"line":405,"column":null}},"type":"if","locations":[{"start":{"line":381,"column":6},"end":{"line":405,"column":null}},{"start":{"line":403,"column":13},"end":{"line":405,"column":null}}]},"46":{"loc":{"start":{"line":385,"column":26},"end":{"line":385,"column":74}},"type":"binary-expr","locations":[{"start":{"line":385,"column":26},"end":{"line":385,"column":47}},{"start":{"line":385,"column":51},"end":{"line":385,"column":74}}]},"47":{"loc":{"start":{"line":389,"column":12},"end":{"line":389,"column":null}},"type":"binary-expr","locations":[{"start":{"line":389,"column":12},"end":{"line":389,"column":31}},{"start":{"line":389,"column":35},"end":{"line":389,"column":null}}]},"48":{"loc":{"start":{"line":390,"column":12},"end":{"line":390,"column":null}},"type":"binary-expr","locations":[{"start":{"line":390,"column":12},"end":{"line":390,"column":29}},{"start":{"line":390,"column":33},"end":{"line":390,"column":null}}]},"49":{"loc":{"start":{"line":394,"column":12},"end":{"line":394,"column":39}},"type":"binary-expr","locations":[{"start":{"line":394,"column":12},"end":{"line":394,"column":33}},{"start":{"line":394,"column":37},"end":{"line":394,"column":39}}]},"50":{"loc":{"start":{"line":395,"column":12},"end":{"line":395,"column":37}},"type":"binary-expr","locations":[{"start":{"line":395,"column":12},"end":{"line":395,"column":31}},{"start":{"line":395,"column":35},"end":{"line":395,"column":37}}]},"51":{"loc":{"start":{"line":398,"column":12},"end":{"line":398,"column":null}},"type":"binary-expr","locations":[{"start":{"line":398,"column":12},"end":{"line":398,"column":31}},{"start":{"line":398,"column":35},"end":{"line":398,"column":null}}]},"52":{"loc":{"start":{"line":399,"column":12},"end":{"line":399,"column":null}},"type":"binary-expr","locations":[{"start":{"line":399,"column":12},"end":{"line":399,"column":29}},{"start":{"line":399,"column":33},"end":{"line":399,"column":null}}]},"53":{"loc":{"start":{"line":403,"column":13},"end":{"line":405,"column":null}},"type":"if","locations":[{"start":{"line":403,"column":13},"end":{"line":405,"column":null}},{"start":{},"end":{}}]},"54":{"loc":{"start":{"line":428,"column":6},"end":{"line":448,"column":null}},"type":"if","locations":[{"start":{"line":428,"column":6},"end":{"line":448,"column":null}},{"start":{"line":446,"column":13},"end":{"line":448,"column":null}}]},"55":{"loc":{"start":{"line":432,"column":16},"end":{"line":432,"column":51}},"type":"binary-expr","locations":[{"start":{"line":432,"column":16},"end":{"line":432,"column":34}},{"start":{"line":432,"column":38},"end":{"line":432,"column":51}}]},"56":{"loc":{"start":{"line":433,"column":17},"end":{"line":433,"column":54}},"type":"binary-expr","locations":[{"start":{"line":433,"column":17},"end":{"line":433,"column":36}},{"start":{"line":433,"column":40},"end":{"line":433,"column":54}}]},"57":{"loc":{"start":{"line":435,"column":12},"end":{"line":435,"column":35}},"type":"binary-expr","locations":[{"start":{"line":435,"column":12},"end":{"line":435,"column":29}},{"start":{"line":435,"column":33},"end":{"line":435,"column":35}}]},"58":{"loc":{"start":{"line":436,"column":12},"end":{"line":436,"column":40}},"type":"binary-expr","locations":[{"start":{"line":436,"column":12},"end":{"line":436,"column":34}},{"start":{"line":436,"column":38},"end":{"line":436,"column":40}}]},"59":{"loc":{"start":{"line":438,"column":29},"end":{"line":438,"column":90}},"type":"binary-expr","locations":[{"start":{"line":438,"column":29},"end":{"line":438,"column":60}},{"start":{"line":438,"column":64},"end":{"line":438,"column":90}}]},"60":{"loc":{"start":{"line":440,"column":12},"end":{"line":440,"column":null}},"type":"binary-expr","locations":[{"start":{"line":440,"column":12},"end":{"line":440,"column":31}},{"start":{"line":440,"column":35},"end":{"line":440,"column":null}}]},"61":{"loc":{"start":{"line":441,"column":12},"end":{"line":441,"column":null}},"type":"binary-expr","locations":[{"start":{"line":441,"column":12},"end":{"line":441,"column":36}},{"start":{"line":441,"column":40},"end":{"line":441,"column":null}}]},"62":{"loc":{"start":{"line":454,"column":6},"end":{"line":458,"column":null}},"type":"if","locations":[{"start":{"line":454,"column":6},"end":{"line":458,"column":null}},{"start":{},"end":{}}]},"63":{"loc":{"start":{"line":455,"column":8},"end":{"line":457,"column":null}},"type":"if","locations":[{"start":{"line":455,"column":8},"end":{"line":457,"column":null}},{"start":{},"end":{}}]},"64":{"loc":{"start":{"line":476,"column":4},"end":{"line":487,"column":null}},"type":"switch","locations":[{"start":{"line":477,"column":6},"end":{"line":478,"column":null}},{"start":{"line":479,"column":6},"end":{"line":480,"column":null}},{"start":{"line":481,"column":6},"end":{"line":484,"column":null}},{"start":{"line":485,"column":6},"end":{"line":486,"column":null}}]},"65":{"loc":{"start":{"line":484,"column":15},"end":{"line":484,"column":null}},"type":"cond-expr","locations":[{"start":{"line":484,"column":38},"end":{"line":484,"column":50}},{"start":{"line":484,"column":50},"end":{"line":484,"column":null}}]},"66":{"loc":{"start":{"line":510,"column":11},"end":{"line":510,"column":null}},"type":"cond-expr","locations":[{"start":{"line":510,"column":34},"end":{"line":510,"column":51}},{"start":{"line":510,"column":51},"end":{"line":510,"column":null}}]},"67":{"loc":{"start":{"line":526,"column":4},"end":{"line":528,"column":null}},"type":"if","locations":[{"start":{"line":526,"column":4},"end":{"line":528,"column":null}},{"start":{},"end":{}}]},"68":{"loc":{"start":{"line":526,"column":8},"end":{"line":526,"column":52}},"type":"binary-expr","locations":[{"start":{"line":526,"column":8},"end":{"line":526,"column":32}},{"start":{"line":526,"column":32},"end":{"line":526,"column":52}}]},"69":{"loc":{"start":{"line":566,"column":6},"end":{"line":568,"column":null}},"type":"if","locations":[{"start":{"line":566,"column":6},"end":{"line":568,"column":null}},{"start":{},"end":{}}]},"70":{"loc":{"start":{"line":586,"column":6},"end":{"line":588,"column":null}},"type":"if","locations":[{"start":{"line":586,"column":6},"end":{"line":588,"column":null}},{"start":{},"end":{}}]}},"s":{"0":0,"1":0,"2":0,"3":0,"4":0,"5":0,"6":0,"7":0,"8":0,"9":0,"10":0,"11":0,"12":0,"13":0,"14":0,"15":0,"16":0,"17":0,"18":0,"19":0,"20":0,"21":0,"22":0,"23":0,"24":0,"25":0,"26":0,"27":0,"28":0,"29":0,"30":0,"31":0,"32":0,"33":0,"34":0,"35":0,"36":0,"37":0,"38":0,"39":0,"40":0,"41":0,"42":0,"43":0,"44":0,"45":0,"46":0,"47":0,"48":0,"49":0,"50":0,"51":0,"52":0,"53":0,"54":0,"55":0,"56":0,"57":0,"58":0,"59":0,"60":0,"61":0,"62":0,"63":0,"64":0,"65":0,"66":0,"67":0,"68":0,"69":0,"70":0,"71":0,"72":0,"73":0,"74":0,"75":0,"76":0,"77":0,"78":0,"79":0,"80":0,"81":0,"82":0,"83":0,"84":0,"85":0,"86":0,"87":0,"88":0,"89":0,"90":0,"91":0,"92":0,"93":0,"94":0,"95":0,"96":0,"97":0,"98":0,"99":0,"100":0,"101":0,"102":0,"103":0,"104":0,"105":0,"106":0,"107":0,"108":0,"109":0,"110":0,"111":0,"112":0,"113":0,"114":0,"115":0,"116":0,"117":0,"118":0,"119":0,"120":0,"121":0,"122":0,"123":0,"124":0,"125":0,"126":0,"127":0,"128":0,"129":0,"130":0,"131":0,"132":0,"133":0,"134":0,"135":0,"136":0,"137":0,"138":0,"139":0,"140":0},"f":{"0":0,"1":0,"2":0,"3":0,"4":0,"5":0,"6":0,"7":0,"8":0,"9":0,"10":0,"11":0,"12":0,"13":0,"14":0,"15":0,"16":0,"17":0,"18":0,"19":0,"20":0,"21":0,"22":0,"23":0},"b":{"0":[0],"1":[0,0],"2":[0,0],"3":[0,0],"4":[0,0],"5":[0,0],"6":[0,0],"7":[0,0],"8":[0,0],"9":[0,0],"10":[0,0],"11":[0,0],"12":[0,0],"13":[0,0],"14":[0,0],"15":[0,0],"16":[0,0],"17":[0,0],"18":[0,0],"19":[0,0],"20":[0,0],"21":[0,0],"22":[0,0],"23":[0,0],"24":[0,0],"25":[0,0],"26":[0,0],"27":[0,0],"28":[0,0],"29":[0,0],"30":[0,0],"31":[0,0],"32":[0,0],"33":[0,0],"34":[0,0],"35":[0,0],"36":[0,0],"37":[0,0],"38":[0,0],"39":[0,0],"40":[0,0],"41":[0,0],"42":[0,0],"43":[0,0],"44":[0,0],"45":[0,0],"46":[0,0],"47":[0,0],"48":[0,0],"49":[0,0],"50":[0,0],"51":[0,0],"52":[0,0],"53":[0,0],"54":[0,0],"55":[0,0],"56":[0,0],"57":[0,0],"58":[0,0],"59":[0,0],"60":[0,0],"61":[0,0],"62":[0,0],"63":[0,0],"64":[0,0,0,0],"65":[0,0],"66":[0,0],"67":[0,0],"68":[0,0],"69":[0,0],"70":[0,0]}}
}
