TN:
SF:app/api/legal-intelligence/extract/route.ts
FN:15,POST
FN:75,(anonymous_2)
FN:129,performAIExtraction
FN:202,detectCaseType
FN:204,(anonymous_5)
FN:207,(anonymous_6)
FN:210,(anonymous_7)
FN:224,generateSuggestions
FN:228,(anonymous_9)
FN:230,(anonymous_10)
FN:234,(anonymous_11)
FN:240,(anonymous_12)
FN:245,(anonymous_13)
FN:251,(anonymous_14)
FNF:14
FNH:0
FNDA:0,POST
FNDA:0,(anonymous_2)
FNDA:0,performAIExtraction
FNDA:0,detectCaseType
FNDA:0,(anonymous_5)
FNDA:0,(anonymous_6)
FNDA:0,(anonymous_7)
FNDA:0,generateSuggestions
FNDA:0,(anonymous_9)
FNDA:0,(anonymous_10)
FNDA:0,(anonymous_11)
FNDA:0,(anonymous_12)
FNDA:0,(anonymous_13)
FNDA:0,(anonymous_14)
DA:1,0
DA:2,0
DA:3,0
DA:4,0
DA:5,0
DA:6,0
DA:9,0
DA:10,0
DA:15,0
DA:16,0
DA:17,0
DA:19,0
DA:20,0
DA:32,0
DA:34,0
DA:37,0
DA:38,0
DA:41,0
DA:42,0
DA:45,0
DA:46,0
DA:47,0
DA:48,0
DA:52,0
DA:54,0
DA:55,0
DA:61,0
DA:65,0
DA:66,0
DA:69,0
DA:72,0
DA:75,0
DA:76,0
DA:79,0
DA:82,0
DA:83,0
DA:84,0
DA:86,0
DA:87,0
DA:91,0
DA:98,0
DA:100,0
DA:102,0
DA:115,0
DA:116,0
DA:133,0
DA:135,0
DA:140,0
DA:143,0
DA:160,0
DA:161,0
DA:162,0
DA:165,0
DA:166,0
DA:169,0
DA:171,0
DA:172,0
DA:173,0
DA:177,0
DA:194,0
DA:195,0
DA:204,0
DA:205,0
DA:207,0
DA:208,0
DA:210,0
DA:211,0
DA:214,0
DA:215,0
DA:216,0
DA:218,0
DA:225,0
DA:228,0
DA:229,0
DA:230,0
DA:234,0
DA:235,0
DA:236,0
DA:240,0
DA:241,0
DA:245,0
DA:246,0
DA:247,0
DA:251,0
DA:252,0
DA:253,0
DA:256,0
LF:87
LH:0
BRDA:9,0,0,0
BRDA:9,0,1,0
BRDA:17,1,0,0
BRDA:19,2,0,0
BRDA:19,2,1,0
BRDA:28,3,0,0
BRDA:29,4,0,0
BRDA:30,5,0,0
BRDA:31,6,0,0
BRDA:46,7,0,0
BRDA:46,7,1,0
BRDA:46,8,0,0
BRDA:46,8,1,0
BRDA:54,9,0,0
BRDA:54,9,1,0
BRDA:65,10,0,0
BRDA:65,10,1,0
BRDA:108,11,0,0
BRDA:108,11,1,0
BRDA:119,12,0,0
BRDA:119,12,1,0
BRDA:160,13,0,0
BRDA:160,13,1,0
BRDA:171,14,0,0
BRDA:171,14,1,0
BRDA:178,15,0,0
BRDA:178,15,1,0
BRDA:179,16,0,0
BRDA:179,16,1,0
BRDA:180,17,0,0
BRDA:180,17,1,0
BRDA:181,18,0,0
BRDA:181,18,1,0
BRDA:182,19,0,0
BRDA:182,19,1,0
BRDA:205,20,0,0
BRDA:205,20,1,0
BRDA:211,21,0,0
BRDA:211,21,1,0
BRDA:214,22,0,0
BRDA:214,22,1,0
BRDA:215,23,0,0
BRDA:215,23,1,0
BRDA:216,24,0,0
BRDA:216,24,1,0
BRDA:229,25,0,0
BRDA:229,25,1,0
BRDA:235,26,0,0
BRDA:235,26,1,0
BRDA:240,27,0,0
BRDA:240,27,1,0
BRDA:246,28,0,0
BRDA:246,28,1,0
BRDA:252,29,0,0
BRDA:252,29,1,0
BRDA:253,30,0,0
BRDA:253,30,1,0
BRF:57
BRH:0
end_of_record
TN:
SF:lib/legal-intelligence/patterns.ts
FN:214,(anonymous_12)
FN:225,(anonymous_13)
FN:270,(anonymous_14)
FN:280,(anonymous_15)
FN:302,(anonymous_16)
FNF:5
FNH:0
FNDA:0,(anonymous_12)
FNDA:0,(anonymous_13)
FNDA:0,(anonymous_14)
FNDA:0,(anonymous_15)
FNDA:0,(anonymous_16)
DA:9,0
DA:35,0
DA:67,0
DA:93,0
DA:116,0
DA:133,0
DA:150,0
DA:164,0
DA:184,0
DA:210,0
DA:215,0
DA:216,0
DA:226,0
DA:244,0
DA:245,0
DA:246,0
DA:248,0
DA:249,0
DA:250,0
DA:252,0
DA:254,0
DA:255,0
DA:256,0
DA:257,0
DA:258,0
DA:260,0
DA:264,0
DA:271,0
DA:272,0
DA:273,0
DA:274,0
DA:281,0
DA:290,0
DA:291,0
DA:292,0
DA:296,0
DA:304,0
DA:307,0
DA:309,0
DA:310,0
DA:312,0
DA:313,0
DA:314,0
DA:318,0
DA:319,0
DA:320,0
DA:323,0
DA:330,0
LF:48
LH:0
BRDA:215,0,0,0
BRDA:215,0,1,0
BRDA:252,1,0,0
BRDA:252,1,1,0
BRDA:254,2,0,0
BRDA:254,2,1,0
BRDA:254,3,0,0
BRDA:254,3,1,0
BRDA:256,4,0,0
BRDA:256,4,1,0
BRDA:291,5,0,0
BRDA:291,5,1,0
BRDA:309,6,0,0
BRDA:309,6,1,0
BRDA:312,7,0,0
BRDA:312,7,1,0
BRDA:313,8,0,0
BRDA:313,8,1,0
BRDA:319,9,0,0
BRDA:319,9,1,0
BRF:20
BRH:0
end_of_record
TN:
SF:lib/legal-intelligence/preprocessor.ts
FN:20,(anonymous_3)
FN:50,(anonymous_4)
FN:74,(anonymous_5)
FN:75,(anonymous_6)
FN:83,(anonymous_7)
FN:87,(anonymous_8)
FN:88,(anonymous_9)
FN:97,(anonymous_10)
FN:97,(anonymous_11)
FN:112,(anonymous_12)
FN:115,(anonymous_13)
FN:116,(anonymous_14)
FN:122,(anonymous_15)
FN:136,(anonymous_16)
FN:172,(anonymous_17)
FN:181,(anonymous_18)
FN:193,(anonymous_19)
FN:205,(anonymous_20)
FN:244,(anonymous_21)
FN:300,(anonymous_22)
FN:309,(anonymous_23)
FN:315,(anonymous_24)
FN:322,(anonymous_25)
FN:328,(anonymous_26)
FN:330,(anonymous_27)
FN:358,(anonymous_28)
FNF:26
FNH:0
FNDA:0,(anonymous_3)
FNDA:0,(anonymous_4)
FNDA:0,(anonymous_5)
FNDA:0,(anonymous_6)
FNDA:0,(anonymous_7)
FNDA:0,(anonymous_8)
FNDA:0,(anonymous_9)
FNDA:0,(anonymous_10)
FNDA:0,(anonymous_11)
FNDA:0,(anonymous_12)
FNDA:0,(anonymous_13)
FNDA:0,(anonymous_14)
FNDA:0,(anonymous_15)
FNDA:0,(anonymous_16)
FNDA:0,(anonymous_17)
FNDA:0,(anonymous_18)
FNDA:0,(anonymous_19)
FNDA:0,(anonymous_20)
FNDA:0,(anonymous_21)
FNDA:0,(anonymous_22)
FNDA:0,(anonymous_23)
FNDA:0,(anonymous_24)
FNDA:0,(anonymous_25)
FNDA:0,(anonymous_26)
FNDA:0,(anonymous_27)
FNDA:0,(anonymous_28)
DA:11,0
DA:16,0
DA:22,0
DA:25,0
DA:28,0
DA:31,0
DA:34,0
DA:36,0
DA:51,0
DA:74,0
DA:75,0
DA:85,0
DA:87,0
DA:88,0
DA:91,0
DA:92,0
DA:93,0
DA:95,0
DA:96,0
DA:97,0
DA:99,0
DA:102,0
DA:106,0
DA:113,0
DA:115,0
DA:116,0
DA:124,0
DA:125,0
DA:127,0
DA:129,0
DA:130,0
DA:137,0
DA:146,0
DA:147,0
DA:148,0
DA:152,0
DA:153,0
DA:154,0
DA:158,0
DA:159,0
DA:160,0
DA:166,0
DA:173,0
DA:180,0
DA:181,0
DA:182,0
DA:183,0
DA:187,0
DA:194,0
DA:195,0
DA:196,0
DA:197,0
DA:199,0
DA:206,0
DA:209,0
DA:212,0
DA:218,0
DA:222,0
DA:227,0
DA:231,0
DA:235,0
DA:238,0
DA:245,0
DA:251,0
DA:252,0
DA:253,0
DA:254,0
DA:256,0
DA:257,0
DA:260,0
DA:261,0
DA:262,0
DA:264,0
DA:269,0
DA:272,0
DA:273,0
DA:274,0
DA:275,0
DA:276,0
DA:280,0
DA:281,0
DA:282,0
DA:283,0
DA:284,0
DA:285,0
DA:290,0
DA:291,0
DA:294,0
DA:301,0
DA:309,0
DA:316,0
DA:322,0
DA:329,0
DA:330,0
DA:333,0
DA:334,0
DA:338,0
DA:339,0
DA:340,0
DA:341,0
DA:343,0
DA:346,0
DA:359,0
DA:365,0
DA:366,0
DA:367,0
DA:368,0
DA:369,0
DA:373,0
DA:406,0
LF:110
LH:0
BRDA:93,0,0,0
BRDA:93,0,1,0
BRDA:96,1,0,0
BRDA:96,1,1,0
BRDA:124,2,0,0
BRDA:124,2,1,0
BRDA:127,3,0,0
BRDA:127,3,1,0
BRDA:130,4,0,0
BRDA:130,4,1,0
BRDA:147,5,0,0
BRDA:147,5,1,0
BRDA:147,6,0,0
BRDA:147,6,1,0
BRDA:153,7,0,0
BRDA:153,7,1,0
BRDA:159,8,0,0
BRDA:159,8,1,0
BRDA:182,9,0,0
BRDA:182,9,1,0
BRDA:195,10,0,0
BRDA:195,10,1,0
BRDA:209,11,0,0
BRDA:209,11,1,0
BRDA:209,11,2,0
BRDA:260,12,0,0
BRDA:260,12,1,0
BRDA:261,13,0,0
BRDA:261,13,1,0
BRDA:272,14,0,0
BRDA:272,14,1,0
BRDA:274,15,0,0
BRDA:274,15,1,0
BRDA:280,16,0,0
BRDA:280,16,1,0
BRDA:282,17,0,0
BRDA:282,17,1,0
BRDA:282,18,0,0
BRDA:282,18,1,0
BRDA:284,19,0,0
BRDA:284,19,1,0
BRDA:290,20,0,0
BRDA:290,20,1,0
BRDA:338,21,0,0
BRDA:338,21,1,0
BRDA:338,22,0,0
BRDA:338,22,1,0
BRDA:340,23,0,0
BRDA:340,23,1,0
BRDA:340,24,0,0
BRDA:340,24,1,0
BRDA:368,25,0,0
BRDA:368,25,1,0
BRF:53
BRH:0
end_of_record
TN:
SF:lib/legal-intelligence/prompt-optimizer.ts
FN:271,(anonymous_3)
FN:297,(anonymous_4)
FN:323,(anonymous_5)
FN:331,(anonymous_6)
FN:339,(anonymous_7)
FN:346,(anonymous_8)
FN:365,(anonymous_9)
FN:387,(anonymous_10)
FN:390,(anonymous_11)
FN:398,(anonymous_12)
FN:416,(anonymous_13)
FN:450,(anonymous_14)
FN:455,(anonymous_15)
FN:462,(anonymous_16)
FN:469,(anonymous_17)
FN:476,(anonymous_18)
FN:487,(anonymous_19)
FNF:17
FNH:0
FNDA:0,(anonymous_3)
FNDA:0,(anonymous_4)
FNDA:0,(anonymous_5)
FNDA:0,(anonymous_6)
FNDA:0,(anonymous_7)
FNDA:0,(anonymous_8)
FNDA:0,(anonymous_9)
FNDA:0,(anonymous_10)
FNDA:0,(anonymous_11)
FNDA:0,(anonymous_12)
FNDA:0,(anonymous_13)
FNDA:0,(anonymous_14)
FNDA:0,(anonymous_15)
FNDA:0,(anonymous_16)
FNDA:0,(anonymous_17)
FNDA:0,(anonymous_18)
FNDA:0,(anonymous_19)
DA:20,0
DA:23,0
DA:276,0
DA:277,0
DA:278,0
DA:281,0
DA:284,0
DA:285,0
DA:289,0
DA:291,0
DA:298,0
DA:300,0
DA:324,0
DA:325,0
DA:332,0
DA:333,0
DA:340,0
DA:343,0
DA:344,0
DA:345,0
DA:346,0
DA:351,0
DA:359,0
DA:369,0
DA:370,0
DA:372,0
DA:374,0
DA:375,0
DA:376,0
DA:379,0
DA:381,0
DA:388,0
DA:390,0
DA:399,0
DA:402,0
DA:403,0
DA:406,0
DA:407,0
DA:410,0
DA:417,0
DA:420,0
DA:423,0
DA:424,0
DA:425,0
DA:437,0
DA:438,0
DA:440,0
DA:441,0
DA:451,0
DA:453,0
DA:454,0
DA:455,0
DA:456,0
DA:460,0
DA:461,0
DA:462,0
DA:463,0
DA:467,0
DA:468,0
DA:469,0
DA:470,0
DA:474,0
DA:475,0
DA:476,0
DA:477,0
DA:481,0
DA:488,0
DA:490,0
DA:492,0
DA:493,0
DA:497,0
DA:498,0
DA:502,0
DA:504,0
DA:512,0
LF:75
LH:0
BRDA:277,0,0,0
BRDA:277,0,1,0
BRDA:284,1,0,0
BRDA:284,1,1,0
BRDA:325,2,0,0
BRDA:325,2,1,0
BRDA:333,3,0,0
BRDA:333,3,1,0
BRDA:343,4,0,0
BRDA:343,4,1,0
BRDA:343,5,0,0
BRDA:343,5,1,0
BRDA:345,6,0,0
BRDA:345,6,1,0
BRDA:370,7,0,0
BRDA:370,7,1,0
BRDA:402,8,0,0
BRDA:402,8,1,0
BRDA:406,9,0,0
BRDA:406,9,1,0
BRDA:407,10,0,0
BRDA:407,10,1,0
BRDA:424,11,0,0
BRDA:424,11,1,0
BRDA:453,12,0,0
BRDA:453,12,1,0
BRDA:460,13,0,0
BRDA:460,13,1,0
BRDA:467,14,0,0
BRDA:467,14,1,0
BRDA:474,15,0,0
BRDA:474,15,1,0
BRDA:477,16,0,0
BRDA:477,16,1,0
BRDA:492,17,0,0
BRDA:492,17,1,0
BRDA:492,18,0,0
BRDA:492,18,1,0
BRDA:497,19,0,0
BRDA:497,19,1,0
BRDA:497,20,0,0
BRDA:497,20,1,0
BRDA:502,21,0,0
BRDA:502,21,1,0
BRDA:502,22,0,0
BRDA:502,22,1,0
BRDA:502,22,2,0
BRF:47
BRH:0
end_of_record
TN:
SF:lib/legal-intelligence/provision-mapper.ts
FN:24,(anonymous_4)
FN:40,(anonymous_5)
FN:45,(anonymous_6)
FN:62,(anonymous_7)
FN:68,(anonymous_8)
FN:117,(anonymous_9)
FN:124,(anonymous_10)
FN:148,(anonymous_11)
FN:149,(anonymous_12)
FN:151,(anonymous_13)
FN:157,(anonymous_14)
FN:178,(anonymous_15)
FN:186,(anonymous_16)
FN:194,(anonymous_17)
FN:202,(anonymous_18)
FN:214,(anonymous_19)
FN:242,(anonymous_20)
FN:266,(anonymous_21)
FN:281,(anonymous_22)
FN:303,(anonymous_23)
FN:305,(anonymous_24)
FN:311,(anonymous_25)
FN:317,(anonymous_26)
FN:328,(anonymous_27)
FN:336,(anonymous_28)
FN:345,(anonymous_29)
FN:353,(anonymous_30)
FN:361,(anonymous_31)
FN:374,(anonymous_32)
FN:381,(anonymous_33)
FN:404,(anonymous_34)
FN:405,(anonymous_35)
FN:408,(anonymous_36)
FNF:33
FNH:0
FNDA:0,(anonymous_4)
FNDA:0,(anonymous_5)
FNDA:0,(anonymous_6)
FNDA:0,(anonymous_7)
FNDA:0,(anonymous_8)
FNDA:0,(anonymous_9)
FNDA:0,(anonymous_10)
FNDA:0,(anonymous_11)
FNDA:0,(anonymous_12)
FNDA:0,(anonymous_13)
FNDA:0,(anonymous_14)
FNDA:0,(anonymous_15)
FNDA:0,(anonymous_16)
FNDA:0,(anonymous_17)
FNDA:0,(anonymous_18)
FNDA:0,(anonymous_19)
FNDA:0,(anonymous_20)
FNDA:0,(anonymous_21)
FNDA:0,(anonymous_22)
FNDA:0,(anonymous_23)
FNDA:0,(anonymous_24)
FNDA:0,(anonymous_25)
FNDA:0,(anonymous_26)
FNDA:0,(anonymous_27)
FNDA:0,(anonymous_28)
FNDA:0,(anonymous_29)
FNDA:0,(anonymous_30)
FNDA:0,(anonymous_31)
FNDA:0,(anonymous_32)
FNDA:0,(anonymous_33)
FNDA:0,(anonymous_34)
FNDA:0,(anonymous_35)
FNDA:0,(anonymous_36)
DA:12,0
DA:17,0
DA:18,0
DA:19,0
DA:25,0
DA:27,0
DA:29,0
DA:30,0
DA:31,0
DA:33,0
DA:36,0
DA:39,0
DA:40,0
DA:41,0
DA:44,0
DA:45,0
DA:46,0
DA:48,0
DA:62,0
DA:69,0
DA:70,0
DA:73,0
DA:74,0
DA:77,0
DA:78,0
DA:79,0
DA:82,0
DA:83,0
DA:86,0
DA:92,0
DA:93,0
DA:94,0
DA:96,0
DA:97,0
DA:99,0
DA:117,0
DA:125,0
DA:128,0
DA:129,0
DA:131,0
DA:132,0
DA:136,0
DA:137,0
DA:138,0
DA:142,0
DA:149,0
DA:151,0
DA:152,0
DA:155,0
DA:157,0
DA:158,0
DA:162,0
DA:165,0
DA:182,0
DA:185,0
DA:186,0
DA:187,0
DA:189,0
DA:193,0
DA:194,0
DA:195,0
DA:197,0
DA:201,0
DA:202,0
DA:203,0
DA:205,0
DA:208,0
DA:218,0
DA:220,0
DA:221,0
DA:223,0
DA:224,0
DA:227,0
DA:228,0
DA:234,0
DA:243,0
DA:245,0
DA:247,0
DA:248,0
DA:252,0
DA:253,0
DA:254,0
DA:255,0
DA:260,0
DA:268,0
DA:282,0
DA:285,0
DA:291,0
DA:292,0
DA:293,0
DA:297,0
DA:305,0
DA:306,0
DA:308,0
DA:311,0
DA:312,0
DA:314,0
DA:317,0
DA:318,0
DA:320,0
DA:322,0
DA:329,0
DA:330,0
DA:337,0
DA:338,0
DA:339,0
DA:347,0
DA:354,0
DA:355,0
DA:362,0
DA:364,0
DA:365,0
DA:368,0
DA:375,0
DA:377,0
DA:378,0
DA:379,0
DA:381,0
DA:384,0
DA:398,0
DA:405,0
DA:406,0
DA:408,0
DA:409,0
DA:411,0
DA:424,0
LF:126
LH:0
BRDA:27,0,0,0
BRDA:27,0,1,0
BRDA:30,1,0,0
BRDA:30,1,1,0
BRDA:41,2,0,0
BRDA:41,2,1,0
BRDA:46,3,0,0
BRDA:46,3,1,0
BRDA:83,4,0,0
BRDA:83,4,1,0
BRDA:86,5,0,0
BRDA:86,5,1,0
BRDA:92,6,0,0
BRDA:92,6,1,0
BRDA:94,7,0,0
BRDA:94,7,1,0
BRDA:96,8,0,0
BRDA:96,8,1,0
BRDA:137,9,0,0
BRDA:137,9,1,0
BRDA:137,10,0,0
BRDA:137,10,1,0
BRDA:152,11,0,0
BRDA:152,11,1,0
BRDA:155,12,0,0
BRDA:155,12,1,0
BRDA:158,13,0,0
BRDA:158,13,1,0
BRDA:158,13,2,0
BRDA:162,14,0,0
BRDA:162,14,1,0
BRDA:167,15,0,0
BRDA:167,15,1,0
BRDA:185,16,0,0
BRDA:185,16,1,0
BRDA:187,17,0,0
BRDA:187,17,1,0
BRDA:189,18,0,0
BRDA:189,18,1,0
BRDA:193,19,0,0
BRDA:193,19,1,0
BRDA:193,20,0,0
BRDA:193,20,1,0
BRDA:195,21,0,0
BRDA:195,21,1,0
BRDA:197,22,0,0
BRDA:197,22,1,0
BRDA:201,23,0,0
BRDA:201,23,1,0
BRDA:205,24,0,0
BRDA:205,24,1,0
BRDA:223,25,0,0
BRDA:223,25,1,0
BRDA:227,26,0,0
BRDA:227,26,1,0
BRDA:247,27,0,0
BRDA:247,27,1,0
BRDA:247,28,0,0
BRDA:247,28,1,0
BRDA:254,29,0,0
BRDA:254,29,1,0
BRDA:254,30,0,0
BRDA:254,30,1,0
BRDA:292,31,0,0
BRDA:292,31,1,0
BRDA:306,32,0,0
BRDA:306,32,1,0
BRDA:308,33,0,0
BRDA:308,33,1,0
BRDA:312,34,0,0
BRDA:312,34,1,0
BRDA:314,35,0,0
BRDA:314,35,1,0
BRDA:318,36,0,0
BRDA:318,36,1,0
BRDA:320,37,0,0
BRDA:320,37,1,0
BRDA:329,38,0,0
BRDA:329,38,1,0
BRDA:330,39,0,0
BRDA:330,39,1,0
BRDA:337,40,0,0
BRDA:337,40,1,0
BRDA:338,41,0,0
BRDA:338,41,1,0
BRDA:354,42,0,0
BRDA:354,42,1,0
BRDA:355,43,0,0
BRDA:355,43,1,0
BRDA:379,44,0,0
BRDA:379,44,1,0
BRDA:380,45,0,0
BRDA:380,45,1,0
BRDA:380,45,2,0
BRDA:406,46,0,0
BRDA:406,46,1,0
BRDA:409,47,0,0
BRDA:409,47,1,0
BRF:98
BRH:0
end_of_record
TN:
SF:lib/legal-intelligence/rule-extractor.ts
FN:34,(anonymous_3)
FN:52,(anonymous_4)
FN:98,(anonymous_5)
FN:106,(anonymous_6)
FN:211,(anonymous_7)
FN:255,(anonymous_8)
FN:261,(anonymous_9)
FN:317,(anonymous_10)
FN:382,(anonymous_11)
FN:391,(anonymous_12)
FN:421,(anonymous_13)
FN:441,(anonymous_14)
FN:459,(anonymous_15)
FN:485,(anonymous_16)
FN:510,(anonymous_17)
FN:530,(anonymous_18)
FN:546,(anonymous_19)
FN:566,(anonymous_20)
FN:573,(anonymous_21)
FN:583,(anonymous_22)
FNF:20
FNH:0
FNDA:0,(anonymous_3)
FNDA:0,(anonymous_4)
FNDA:0,(anonymous_5)
FNDA:0,(anonymous_6)
FNDA:0,(anonymous_7)
FNDA:0,(anonymous_8)
FNDA:0,(anonymous_9)
FNDA:0,(anonymous_10)
FNDA:0,(anonymous_11)
FNDA:0,(anonymous_12)
FNDA:0,(anonymous_13)
FNDA:0,(anonymous_14)
FNDA:0,(anonymous_15)
FNDA:0,(anonymous_16)
FNDA:0,(anonymous_17)
FNDA:0,(anonymous_18)
FNDA:0,(anonymous_19)
FNDA:0,(anonymous_20)
FNDA:0,(anonymous_21)
FNDA:0,(anonymous_22)
DA:25,0
DA:30,0
DA:35,0
DA:37,0
DA:53,0
DA:54,0
DA:57,0
DA:58,0
DA:59,0
DA:60,0
DA:62,0
DA:63,0
DA:66,0
DA:67,0
DA:68,0
DA:70,0
DA:82,0
DA:83,0
DA:84,0
DA:85,0
DA:87,0
DA:98,0
DA:99,0
DA:107,0
DA:108,0
DA:109,0
DA:112,0
DA:113,0
DA:114,0
DA:115,0
DA:116,0
DA:117,0
DA:126,0
DA:127,0
DA:128,0
DA:129,0
DA:130,0
DA:131,0
DA:135,0
DA:136,0
DA:141,0
DA:142,0
DA:143,0
DA:144,0
DA:145,0
DA:146,0
DA:154,0
DA:155,0
DA:160,0
DA:161,0
DA:162,0
DA:163,0
DA:165,0
DA:166,0
DA:167,0
DA:169,0
DA:170,0
DA:171,0
DA:172,0
DA:173,0
DA:174,0
DA:177,0
DA:185,0
DA:186,0
DA:191,0
DA:192,0
DA:193,0
DA:194,0
DA:195,0
DA:205,0
DA:212,0
DA:213,0
DA:216,0
DA:217,0
DA:218,0
DA:219,0
DA:221,0
DA:222,0
DA:224,0
DA:225,0
DA:226,0
DA:228,0
DA:239,0
DA:240,0
DA:241,0
DA:242,0
DA:244,0
DA:255,0
DA:262,0
DA:263,0
DA:264,0
DA:267,0
DA:268,0
DA:269,0
DA:270,0
DA:273,0
DA:274,0
DA:276,0
DA:278,0
DA:279,0
DA:289,0
DA:290,0
DA:295,0
DA:296,0
DA:297,0
DA:298,0
DA:300,0
DA:311,0
DA:318,0
DA:319,0
DA:322,0
DA:324,0
DA:326,0
DA:329,0
DA:332,0
DA:333,0
DA:334,0
DA:335,0
DA:336,0
DA:337,0
DA:338,0
DA:339,0
DA:340,0
DA:341,0
DA:342,0
DA:346,0
DA:347,0
DA:359,0
DA:360,0
DA:361,0
DA:362,0
DA:363,0
DA:374,0
DA:383,0
DA:384,0
DA:385,0
DA:392,0
DA:393,0
DA:395,0
DA:397,0
DA:399,0
DA:400,0
DA:402,0
DA:403,0
DA:405,0
DA:406,0
DA:408,0
DA:409,0
DA:412,0
DA:413,0
DA:415,0
DA:426,0
DA:427,0
DA:431,0
DA:432,0
DA:435,0
DA:442,0
DA:444,0
DA:453,0
DA:460,0
DA:461,0
DA:463,0
DA:466,0
DA:467,0
DA:469,0
DA:470,0
DA:472,0
DA:473,0
DA:475,0
DA:476,0
DA:479,0
DA:486,0
DA:487,0
DA:489,0
DA:490,0
DA:492,0
DA:493,0
DA:495,0
DA:496,0
DA:498,0
DA:499,0
DA:501,0
DA:502,0
DA:504,0
DA:515,0
DA:524,0
DA:531,0
DA:532,0
DA:534,0
DA:535,0
DA:537,0
DA:538,0
DA:540,0
DA:551,0
DA:552,0
DA:556,0
DA:557,0
DA:560,0
DA:567,0
DA:573,0
DA:574,0
DA:577,0
DA:584,0
DA:585,0
DA:586,0
DA:587,0
DA:588,0
DA:589,0
DA:590,0
DA:594,0
LF:210
LH:0
BRDA:62,0,0,0
BRDA:62,0,1,0
BRDA:114,1,0,0
BRDA:114,1,1,0
BRDA:116,2,0,0
BRDA:116,2,1,0
BRDA:116,3,0,0
BRDA:116,3,1,0
BRDA:128,4,0,0
BRDA:128,4,1,0
BRDA:128,5,0,0
BRDA:128,5,1,0
BRDA:130,6,0,0
BRDA:130,6,1,0
BRDA:143,7,0,0
BRDA:143,7,1,0
BRDA:145,8,0,0
BRDA:145,8,1,0
BRDA:145,9,0,0
BRDA:145,9,1,0
BRDA:163,10,0,0
BRDA:163,10,1,0
BRDA:169,11,0,0
BRDA:169,11,1,0
BRDA:172,12,0,0
BRDA:172,12,1,0
BRDA:194,13,0,0
BRDA:194,13,1,0
BRDA:221,14,0,0
BRDA:221,14,1,0
BRDA:248,15,0,0
BRDA:248,15,1,0
BRDA:274,16,0,0
BRDA:274,16,1,0
BRDA:276,17,0,0
BRDA:276,17,1,0
BRDA:278,18,0,0
BRDA:278,18,1,0
BRDA:326,19,0,0
BRDA:326,19,1,0
BRDA:332,20,0,0
BRDA:332,20,1,0
BRDA:332,21,0,0
BRDA:332,21,1,0
BRDA:335,22,0,0
BRDA:335,22,1,0
BRDA:335,23,0,0
BRDA:335,23,1,0
BRDA:338,24,0,0
BRDA:338,24,1,0
BRDA:338,25,0,0
BRDA:338,25,1,0
BRDA:341,26,0,0
BRDA:341,26,1,0
BRDA:341,27,0,0
BRDA:341,27,1,0
BRDA:341,27,2,0
BRDA:346,28,0,0
BRDA:346,28,1,0
BRDA:362,29,0,0
BRDA:362,29,1,0
BRDA:392,30,0,0
BRDA:392,30,1,0
BRDA:392,31,0,0
BRDA:392,31,1,0
BRDA:392,31,2,0
BRDA:395,32,0,0
BRDA:395,32,1,0
BRDA:395,33,0,0
BRDA:395,33,1,0
BRDA:395,33,2,0
BRDA:395,33,3,0
BRDA:395,33,4,0
BRDA:395,33,5,0
BRDA:399,34,0,0
BRDA:399,34,1,0
BRDA:399,35,0,0
BRDA:399,35,1,0
BRDA:402,36,0,0
BRDA:402,36,1,0
BRDA:402,37,0,0
BRDA:402,37,1,0
BRDA:402,37,2,0
BRDA:405,38,0,0
BRDA:405,38,1,0
BRDA:405,39,0,0
BRDA:405,39,1,0
BRDA:405,39,2,0
BRDA:408,40,0,0
BRDA:408,40,1,0
BRDA:408,41,0,0
BRDA:408,41,1,0
BRDA:408,41,2,0
BRDA:412,42,0,0
BRDA:412,42,1,0
BRDA:412,43,0,0
BRDA:412,43,1,0
BRDA:412,43,2,0
BRDA:412,43,3,0
BRDA:426,44,0,0
BRDA:426,44,1,0
BRDA:431,45,0,0
BRDA:431,45,1,0
BRDA:431,46,0,0
BRDA:431,46,1,0
BRDA:431,46,2,0
BRDA:442,47,0,0
BRDA:442,47,1,0
BRDA:453,48,0,0
BRDA:453,48,1,0
BRDA:463,49,0,0
BRDA:463,49,1,0
BRDA:463,49,2,0
BRDA:463,49,3,0
BRDA:463,49,4,0
BRDA:486,50,0,0
BRDA:486,50,1,0
BRDA:486,51,0,0
BRDA:486,51,1,0
BRDA:489,52,0,0
BRDA:489,52,1,0
BRDA:489,53,0,0
BRDA:489,53,1,0
BRDA:492,54,0,0
BRDA:492,54,1,0
BRDA:495,55,0,0
BRDA:495,55,1,0
BRDA:498,56,0,0
BRDA:498,56,1,0
BRDA:498,57,0,0
BRDA:498,57,1,0
BRDA:501,58,0,0
BRDA:501,58,1,0
BRDA:501,59,0,0
BRDA:501,59,1,0
BRDA:531,60,0,0
BRDA:531,60,1,0
BRDA:531,61,0,0
BRDA:531,61,1,0
BRDA:534,62,0,0
BRDA:534,62,1,0
BRDA:534,63,0,0
BRDA:534,63,1,0
BRDA:537,64,0,0
BRDA:537,64,1,0
BRDA:537,65,0,0
BRDA:537,65,1,0
BRDA:537,65,2,0
BRDA:551,66,0,0
BRDA:551,66,1,0
BRDA:551,67,0,0
BRDA:551,67,1,0
BRDA:551,67,2,0
BRDA:556,68,0,0
BRDA:556,68,1,0
BRDA:556,69,0,0
BRDA:556,69,1,0
BRDA:577,70,0,0
BRDA:577,70,1,0
BRDA:584,71,0,0
BRDA:584,71,1,0
BRDA:585,72,0,0
BRDA:585,72,1,0
BRDA:585,73,0,0
BRDA:585,73,1,0
BRDA:586,74,0,0
BRDA:586,74,1,0
BRDA:586,75,0,0
BRDA:586,75,1,0
BRDA:587,76,0,0
BRDA:587,76,1,0
BRDA:588,77,0,0
BRDA:588,77,1,0
BRDA:588,78,0,0
BRDA:588,78,1,0
BRDA:589,79,0,0
BRDA:589,79,1,0
BRDA:589,80,0,0
BRDA:589,80,1,0
BRF:179
BRH:0
end_of_record
TN:
SF:lib/legal-intelligence/smart-merger.ts
FN:42,(anonymous_3)
FN:119,(anonymous_4)
FN:136,(anonymous_5)
FN:173,(anonymous_6)
FN:181,(anonymous_7)
FN:226,(anonymous_8)
FN:240,(anonymous_9)
FN:307,(anonymous_10)
FN:324,(anonymous_11)
FN:354,(anonymous_12)
FN:360,(anonymous_13)
FN:414,(anonymous_14)
FN:469,(anonymous_15)
FN:493,(anonymous_16)
FN:516,(anonymous_17)
FN:536,(anonymous_18)
FN:547,(anonymous_19)
FN:549,(anonymous_20)
FN:550,(anonymous_21)
FN:556,(anonymous_22)
FN:576,(anonymous_23)
FN:596,(anonymous_24)
FN:601,(anonymous_25)
FN:610,(anonymous_26)
FNF:24
FNH:0
FNDA:0,(anonymous_3)
FNDA:0,(anonymous_4)
FNDA:0,(anonymous_5)
FNDA:0,(anonymous_6)
FNDA:0,(anonymous_7)
FNDA:0,(anonymous_8)
FNDA:0,(anonymous_9)
FNDA:0,(anonymous_10)
FNDA:0,(anonymous_11)
FNDA:0,(anonymous_12)
FNDA:0,(anonymous_13)
FNDA:0,(anonymous_14)
FNDA:0,(anonymous_15)
FNDA:0,(anonymous_16)
FNDA:0,(anonymous_17)
FNDA:0,(anonymous_18)
FNDA:0,(anonymous_19)
FNDA:0,(anonymous_20)
FNDA:0,(anonymous_21)
FNDA:0,(anonymous_22)
FNDA:0,(anonymous_23)
FNDA:0,(anonymous_24)
FNDA:0,(anonymous_25)
FNDA:0,(anonymous_26)
DA:31,0
DA:32,0
DA:47,0
DA:50,0
DA:51,0
DA:54,0
DA:62,0
DA:70,0
DA:78,0
DA:86,0
DA:95,0
DA:101,0
DA:126,0
DA:127,0
DA:130,0
DA:131,0
DA:132,0
DA:135,0
DA:136,0
DA:139,0
DA:141,0
DA:148,0
DA:151,0
DA:159,0
DA:160,0
DA:161,0
DA:163,0
DA:164,0
DA:173,0
DA:174,0
DA:188,0
DA:191,0
DA:192,0
DA:200,0
DA:208,0
DA:218,0
DA:224,0
DA:226,0
DA:247,0
DA:248,0
DA:251,0
DA:252,0
DA:253,0
DA:255,0
DA:261,0
DA:266,0
DA:267,0
DA:268,0
DA:270,0
DA:271,0
DA:279,0
DA:280,0
DA:285,0
DA:295,0
DA:296,0
DA:301,0
DA:314,0
DA:315,0
DA:318,0
DA:319,0
DA:320,0
DA:323,0
DA:324,0
DA:327,0
DA:329,0
DA:341,0
DA:346,0
DA:347,0
DA:348,0
DA:349,0
DA:354,0
DA:367,0
DA:368,0
DA:371,0
DA:372,0
DA:373,0
DA:377,0
DA:378,0
DA:379,0
DA:381,0
DA:383,0
DA:403,0
DA:404,0
DA:408,0
DA:421,0
DA:422,0
DA:425,0
DA:426,0
DA:428,0
DA:430,0
DA:445,0
DA:447,0
DA:452,0
DA:453,0
DA:454,0
DA:455,0
DA:456,0
DA:461,0
DA:476,0
DA:478,0
DA:480,0
DA:482,0
DA:483,0
DA:484,0
DA:486,0
DA:501,0
DA:507,0
DA:508,0
DA:510,0
DA:522,0
DA:526,0
DA:527,0
DA:530,0
DA:541,0
DA:548,0
DA:549,0
DA:550,0
DA:560,0
DA:561,0
DA:566,0
DA:567,0
DA:570,0
DA:580,0
DA:581,0
DA:586,0
DA:587,0
DA:590,0
DA:598,0
DA:599,0
DA:601,0
DA:602,0
DA:604,0
DA:611,0
DA:613,0
DA:615,0
DA:624,0
DA:628,0
LF:137
LH:0
BRDA:45,0,0,0
BRDA:110,1,0,0
BRDA:110,1,1,0
BRDA:111,2,0,0
BRDA:111,2,1,0
BRDA:136,3,0,0
BRDA:136,3,1,0
BRDA:139,4,0,0
BRDA:139,4,1,0
BRDA:161,5,0,0
BRDA:161,5,1,0
BRDA:163,6,0,0
BRDA:163,6,1,0
BRDA:191,7,0,0
BRDA:191,7,1,0
BRDA:203,8,0,0
BRDA:203,8,1,0
BRDA:204,9,0,0
BRDA:204,9,1,0
BRDA:211,10,0,0
BRDA:211,10,1,0
BRDA:212,11,0,0
BRDA:212,11,1,0
BRDA:212,12,0,0
BRDA:212,12,1,0
BRDA:219,13,0,0
BRDA:219,13,1,0
BRDA:220,14,0,0
BRDA:220,14,1,0
BRDA:226,15,0,0
BRDA:226,15,1,0
BRDA:228,16,0,0
BRDA:228,16,1,0
BRDA:230,17,0,0
BRDA:230,17,1,0
BRDA:231,18,0,0
BRDA:231,18,1,0
BRDA:253,19,0,0
BRDA:253,19,1,0
BRDA:257,20,0,0
BRDA:257,20,1,0
BRDA:257,21,0,0
BRDA:257,21,1,0
BRDA:258,22,0,0
BRDA:258,22,1,0
BRDA:258,23,0,0
BRDA:258,23,1,0
BRDA:268,24,0,0
BRDA:268,24,1,0
BRDA:270,25,0,0
BRDA:270,25,1,0
BRDA:279,26,0,0
BRDA:279,26,1,0
BRDA:279,27,0,0
BRDA:279,27,1,0
BRDA:279,28,0,0
BRDA:279,28,1,0
BRDA:287,29,0,0
BRDA:287,29,1,0
BRDA:288,30,0,0
BRDA:288,30,1,0
BRDA:290,31,0,0
BRDA:290,31,1,0
BRDA:291,32,0,0
BRDA:291,32,1,0
BRDA:295,33,0,0
BRDA:295,33,1,0
BRDA:324,34,0,0
BRDA:324,34,1,0
BRDA:327,35,0,0
BRDA:327,35,1,0
BRDA:331,36,0,0
BRDA:331,36,1,0
BRDA:332,37,0,0
BRDA:332,37,1,0
BRDA:333,38,0,0
BRDA:333,38,1,0
BRDA:335,39,0,0
BRDA:335,39,1,0
BRDA:336,40,0,0
BRDA:336,40,1,0
BRDA:348,41,0,0
BRDA:348,41,1,0
BRDA:348,42,0,0
BRDA:348,42,1,0
BRDA:372,43,0,0
BRDA:372,43,1,0
BRDA:378,44,0,0
BRDA:378,44,1,0
BRDA:381,45,0,0
BRDA:381,45,1,0
BRDA:385,46,0,0
BRDA:385,46,1,0
BRDA:389,47,0,0
BRDA:389,47,1,0
BRDA:390,48,0,0
BRDA:390,48,1,0
BRDA:394,49,0,0
BRDA:394,49,1,0
BRDA:395,50,0,0
BRDA:395,50,1,0
BRDA:398,51,0,0
BRDA:398,51,1,0
BRDA:399,52,0,0
BRDA:399,52,1,0
BRDA:403,53,0,0
BRDA:403,53,1,0
BRDA:428,54,0,0
BRDA:428,54,1,0
BRDA:432,55,0,0
BRDA:432,55,1,0
BRDA:433,56,0,0
BRDA:433,56,1,0
BRDA:435,57,0,0
BRDA:435,57,1,0
BRDA:436,58,0,0
BRDA:436,58,1,0
BRDA:438,59,0,0
BRDA:438,59,1,0
BRDA:440,60,0,0
BRDA:440,60,1,0
BRDA:441,61,0,0
BRDA:441,61,1,0
BRDA:454,62,0,0
BRDA:454,62,1,0
BRDA:455,63,0,0
BRDA:455,63,1,0
BRDA:476,64,0,0
BRDA:476,64,1,0
BRDA:476,64,2,0
BRDA:476,64,3,0
BRDA:484,65,0,0
BRDA:484,65,1,0
BRDA:510,66,0,0
BRDA:510,66,1,0
BRDA:526,67,0,0
BRDA:526,67,1,0
BRDA:526,68,0,0
BRDA:526,68,1,0
BRDA:566,69,0,0
BRDA:566,69,1,0
BRDA:586,70,0,0
BRDA:586,70,1,0
BRF:143
BRH:0
end_of_record
